[35m[Appium][39m Welcome to Appium v2.5.1
[35m[Appium][39m Non-default server args:
[35m[Appium][39m { basePath: [32m'/wd/hub'[39m, loglevel: [32m'info'[39m, port: [33m62503[39m }
[35m[Appium][39m Attempting to load driver uiautomator2...
[35m[Appium][39m Appium REST http interface listener started on http://0.0.0.0:62503/wd/hub
[35m[Appium][39m You can provide the following URLs in your client code to connect to this server:
[35m[Appium][39m 	http://192.168.100.139:62503/wd/hub
[35m[Appium][39m 	http://127.0.0.1:62503/wd/hub (only accessible from the same host)
[35m[Appium][39m Available drivers:
[35m[Appium][39m   - uiautomator2@2.29.10 (automationName 'UiAutomator2')
[35m[Appium][39m No plugins have been installed. Use the "appium plugin" command to install the one(s) you want to use.
[38;5;0m[HTTP][0m [37m-->[39m [37mGET[39m [37m/wd/hub/status[39m
[38;5;0m[HTTP][0m [90m{}[39m
[38;5;0m[HTTP][0m [37m<-- GET /wd/hub/status [39m[32m200[39m [90m5 ms - 110[39m
[38;5;0m[HTTP][0m [90m[39m
[38;5;0m[HTTP][0m [37m-->[39m [37mPOST[39m [37m/wd/hub/session[39m
[38;5;0m[HTTP][0m [90m{"desiredCapabilities":{"appium:systemPort":62502,"appium:newCommandTimeout":1800,"appium:automationName":"uiautomator2","appium:fullReset":true,"appium:platformVersion":"13","appium:noReset":false,"appium:udid":"emulator-5554","appium:autoGrantPermissions":true,"appium:platformName":"ANDROID","appium:deviceName":"emulator-5554 (sdk_gphone64_x86_64 - Android 13)","platformName":"Android","appium:app":"C:\\Users\\1556\\Documents\\Tools\\iglo_msa_v2.apk"},"capabilities":{"firstMatch":[{"appium:app":"C:\\Users\\1556\\Documents\\Tools\\iglo_msa_v2.apk","appium:autoGrantPermissions":true,"appium:automationName":"uiautomator2","appium:deviceName":"emulator-5554 (sdk_gphone64_x86_64 - Android 13)","appium:fullReset":true,"appium:newCommandTimeout":1800,"appium:noReset":false,"appium:platformName":"ANDROID","appium:platformVersion":"13","appium:systemPort":62502,"appium:udid":"emulator-5554","platformName":"android"}]}}[39m
[38;5;32m[BaseDriver][0m Ignoring capability 'appium:platformName=ANDROID' and using capability 'platformName=android'
[38;5;32m[BaseDriver][0m The capabilities ["platformName"] are standard capabilities and do not require "appium:" prefix
[35m[Appium][39m Attempting to find matching driver for automationName 'uiautomator2' and platformName 'android'
[35m[Appium][39m The 'uiautomator2' driver was installed and matched caps.
[35m[Appium][39m Will require it at C:\Users\1556\.appium\node_modules\appium-uiautomator2-driver
[38;5;16m[AppiumDriver@8460][0m Appium v2.5.1 creating new AndroidUiautomator2Driver (v2.29.10) session
[38;5;16m[AppiumDriver@8460][0m Checking BaseDriver versions for Appium and AndroidUiautomator2Driver
[38;5;16m[AppiumDriver@8460][0m Appium's BaseDriver version is 9.5.2
[38;5;16m[AppiumDriver@8460][0m AndroidUiautomator2Driver's BaseDriver version is 9.5.2
[38;5;48m[AndroidUiautomator2Driver@8813][0m The following provided capabilities were not recognized by this driver:
[38;5;48m[AndroidUiautomator2Driver@8813][0m   deviceName
[38;5;48m[AndroidUiautomator2Driver@8813 (8c99dfdd)][0m Session created with session id: 8c99dfdd-cc1b-4683-8843-38c002b8ef2e
[38;5;32m[BaseDriver][0m Using local app 'C:\Users\1556\Documents\Tools\iglo_msa_v2.apk'
[38;5;64m[ADB][0m Found 32 'build-tools' folders under 'C:\Users\1556\AppData\Local\Android\android-sdk' (newest first):
[38;5;64m[ADB][0m     C:\Users\1556\AppData\Local\Android\android-sdk\build-tools\34.0.0
[38;5;64m[ADB][0m     C:\Users\1556\AppData\Local\Android\android-sdk\build-tools\29.0.3
[38;5;64m[ADB][0m     C:\Users\1556\AppData\Local\Android\android-sdk\build-tools\29.0.2
[38;5;64m[ADB][0m     C:\Users\1556\AppData\Local\Android\android-sdk\build-tools\29.0.1
[38;5;64m[ADB][0m     C:\Users\1556\AppData\Local\Android\android-sdk\build-tools\29.0.0
[38;5;64m[ADB][0m     C:\Users\1556\AppData\Local\Android\android-sdk\build-tools\28.0.3
[38;5;64m[ADB][0m     C:\Users\1556\AppData\Local\Android\android-sdk\build-tools\28.0.2
[38;5;64m[ADB][0m     C:\Users\1556\AppData\Local\Android\android-sdk\build-tools\28.0.1
[38;5;64m[ADB][0m     C:\Users\1556\AppData\Local\Android\android-sdk\build-tools\28.0.0
[38;5;64m[ADB][0m     C:\Users\1556\AppData\Local\Android\android-sdk\build-tools\27.0.3
[38;5;64m[ADB][0m     C:\Users\1556\AppData\Local\Android\android-sdk\build-tools\27.0.2
[38;5;64m[ADB][0m     C:\Users\1556\AppData\Local\Android\android-sdk\build-tools\27.0.1
[38;5;64m[ADB][0m     C:\Users\1556\AppData\Local\Android\android-sdk\build-tools\27.0.0
[38;5;64m[ADB][0m     C:\Users\1556\AppData\Local\Android\android-sdk\build-tools\26.0.3
[38;5;64m[ADB][0m     C:\Users\1556\AppData\Local\Android\android-sdk\build-tools\26.0.2
[38;5;64m[ADB][0m     C:\Users\1556\AppData\Local\Android\android-sdk\build-tools\26.0.1
[38;5;64m[ADB][0m     C:\Users\1556\AppData\Local\Android\android-sdk\build-tools\26.0.0
[38;5;64m[ADB][0m     C:\Users\1556\AppData\Local\Android\android-sdk\build-tools\25.0.3
[38;5;64m[ADB][0m     C:\Users\1556\AppData\Local\Android\android-sdk\build-tools\25.0.2
[38;5;64m[ADB][0m     C:\Users\1556\AppData\Local\Android\android-sdk\build-tools\25.0.1
[38;5;64m[ADB][0m     C:\Users\1556\AppData\Local\Android\android-sdk\build-tools\25.0.0
[38;5;64m[ADB][0m     C:\Users\1556\AppData\Local\Android\android-sdk\build-tools\24.0.3
[38;5;64m[ADB][0m     C:\Users\1556\AppData\Local\Android\android-sdk\build-tools\24.0.2
[38;5;64m[ADB][0m     C:\Users\1556\AppData\Local\Android\android-sdk\build-tools\24.0.1
[38;5;64m[ADB][0m     C:\Users\1556\AppData\Local\Android\android-sdk\build-tools\24.0.0
[38;5;64m[ADB][0m     C:\Users\1556\AppData\Local\Android\android-sdk\build-tools\23.0.3
[38;5;64m[ADB][0m     C:\Users\1556\AppData\Local\Android\android-sdk\build-tools\23.0.2
[38;5;64m[ADB][0m     C:\Users\1556\AppData\Local\Android\android-sdk\build-tools\23.0.1
[38;5;64m[ADB][0m     C:\Users\1556\AppData\Local\Android\android-sdk\build-tools\22.0.1
[38;5;64m[ADB][0m     C:\Users\1556\AppData\Local\Android\android-sdk\build-tools\21.1.2
[38;5;64m[ADB][0m     C:\Users\1556\AppData\Local\Android\android-sdk\build-tools\20.0.0
[38;5;64m[ADB][0m     C:\Users\1556\AppData\Local\Android\android-sdk\build-tools\19.1.0
[38;5;64m[ADB][0m Using 'adb.exe' from 'C:\Users\1556\AppData\Local\Android\android-sdk\platform-tools\adb.exe'
[38;5;80m[AndroidDriver][0m Retrieving device list
[38;5;80m[AndroidDriver][0m Using device: emulator-5554
[38;5;64m[ADB][0m Using 'adb.exe' from 'C:\Users\1556\AppData\Local\Android\android-sdk\platform-tools\adb.exe'
[38;5;64m[ADB][0m Getting device platform version
[38;5;48m[AndroidUiautomator2Driver@8813 (8c99dfdd)][0m Relaxing hidden api policy
[38;5;64m[ADB][0m Package name: 'id.indocyber.kaf.mma'
[38;5;64m[ADB][0m Main activity name: 'id.indocyber.kaf.mma.MainActivity'
[38;5;64m[ADB][0m Using 'apksigner.jar' from 'C:\Users\1556\AppData\Local\Android\android-sdk\build-tools\34.0.0\lib\apksigner.jar'
[38;5;64m[ADB][0m 'C:\Users\1556\.appium\node_modules\appium-uiautomator2-driver\node_modules\appium-uiautomator2-server\apks\appium-uiautomator2-server-debug-androidTest.apk' is signed with the default certificate
[38;5;64m[ADB][0m 'C:\Users\1556\.appium\node_modules\appium-uiautomator2-driver\node_modules\appium-uiautomator2-server\apks\appium-uiautomator2-server-v5.12.6.apk' is signed with the default certificate
[38;5;48m[AndroidUiautomator2Driver@8813 (8c99dfdd)][0m Server packages are not going to be (re)installed
[38;5;64m[ADB][0m Adding packages ["io.appium.settings","io.appium.uiautomator2.server","io.appium.uiautomator2.server.test"] to Doze whitelist
[38;5;64m[ADB][0m 'C:\Users\1556\Documents\Tools\iglo_msa_v2.apk' is signed with a non-default certificate
[38;5;64m[ADB][0m id.indocyber.kaf.mma was not uninstalled, because it was not present on the device
[38;5;64m[ADB][0m The application at 'C:\Users\1556\Documents\Tools\iglo_msa_v2.apk' will not be cached, because the device under test has confirmed the support of streamed installs
[38;5;64m[ADB][0m The installation of 'iglo_msa_v2.apk' took 1968ms
[38;5;48m[AndroidUiautomator2Driver@8813 (8c99dfdd)][0m Starting UIAutomator2 server 5.12.6
[38;5;48m[AndroidUiautomator2Driver@8813 (8c99dfdd)][0m Using UIAutomator2 server from 'C:\Users\1556\.appium\node_modules\appium-uiautomator2-driver\node_modules\appium-uiautomator2-server\apks\appium-uiautomator2-server-v5.12.6.apk' and test from 'C:\Users\1556\.appium\node_modules\appium-uiautomator2-driver\node_modules\appium-uiautomator2-server\apks\appium-uiautomator2-server-debug-androidTest.apk'
[38;5;48m[AndroidUiautomator2Driver@8813 (8c99dfdd)][0m Waiting up to 30000ms for UiAutomator2 to be online...
[38;5;48m[AndroidUiautomator2Driver@8813 (8c99dfdd)][0m socket hang up
[38;5;48m[AndroidUiautomator2Driver@8813 (8c99dfdd)][0m socket hang up
[38;5;48m[AndroidUiautomator2Driver@8813 (8c99dfdd)][0m socket hang up
[38;5;48m[AndroidUiautomator2Driver@8813 (8c99dfdd)][0m socket hang up
[38;5;48m[AndroidUiautomator2Driver@8813 (8c99dfdd)][0m Determined the downstream protocol as 'W3C'
[38;5;80m[AndroidDriver][0m Screen already unlocked, doing nothing
[38;5;48m[AndroidUiautomator2Driver@8813 (8c99dfdd)][0m Starting 'id.indocyber.kaf.mma/id.indocyber.kaf.mma.MainActivity and waiting for 'id.indocyber.kaf.mma/id.indocyber.kaf.mma.MainActivity'
[38;5;16m[AppiumDriver@8460][0m New AndroidUiautomator2Driver session created successfully, session 8c99dfdd-cc1b-4683-8843-38c002b8ef2e added to master session list
[38;5;0m[HTTP][0m [37m<-- POST /wd/hub/session [39m[32m200[39m [90m19359 ms - 1220[39m
[38;5;0m[HTTP][0m [90m[39m
[38;5;0m[HTTP][0m [37m-->[39m [37mGET[39m [37m/wd/hub/session/8c99dfdd-cc1b-4683-8843-38c002b8ef2e[39m
[38;5;0m[HTTP][0m [90m{}[39m
[38;5;0m[HTTP][0m [37m<-- GET /wd/hub/session/8c99dfdd-cc1b-4683-8843-38c002b8ef2e [39m[32m200[39m [90m86 ms - 1174[39m
[38;5;0m[HTTP][0m [90m[39m
[38;5;0m[HTTP][0m [37m-->[39m [37mGET[39m [37m/wd/hub/session/8c99dfdd-cc1b-4683-8843-38c002b8ef2e[39m
[38;5;0m[HTTP][0m [90m{}[39m
[38;5;0m[HTTP][0m [37m<-- GET /wd/hub/session/8c99dfdd-cc1b-4683-8843-38c002b8ef2e [39m[32m200[39m [90m22 ms - 1174[39m
[38;5;0m[HTTP][0m [90m[39m
[38;5;0m[HTTP][0m [37m-->[39m [37mGET[39m [37m/wd/hub/status[39m
[38;5;0m[HTTP][0m [90m{}[39m
[38;5;0m[HTTP][0m [37m<-- GET /wd/hub/status [39m[32m200[39m [90m2 ms - 110[39m
[38;5;0m[HTTP][0m [90m[39m
[38;5;0m[HTTP][0m [37m-->[39m [37mPOST[39m [37m/wd/hub/session/8c99dfdd-cc1b-4683-8843-38c002b8ef2e/timeouts[39m
[38;5;0m[HTTP][0m [90m{"implicit":30000}[39m
[38;5;0m[HTTP][0m [37m<-- POST /wd/hub/session/8c99dfdd-cc1b-4683-8843-38c002b8ef2e/timeouts [39m[32m200[39m [90m5 ms - 14[39m
[38;5;0m[HTTP][0m [90m[39m
[38;5;0m[HTTP][0m [37m-->[39m [37mGET[39m [37m/wd/hub/session/8c99dfdd-cc1b-4683-8843-38c002b8ef2e/appium/device/system_bars[39m
[38;5;0m[HTTP][0m [90m{}[39m
[38;5;0m[HTTP][0m [37m<-- GET /wd/hub/session/8c99dfdd-cc1b-4683-8843-38c002b8ef2e/appium/device/system_bars [39m[32m200[39m [90m161 ms - 151[39m
[38;5;0m[HTTP][0m [90m[39m
[38;5;0m[HTTP][0m [37m-->[39m [37mPOST[39m [37m/wd/hub/session/8c99dfdd-cc1b-4683-8843-38c002b8ef2e/timeouts[39m
[38;5;0m[HTTP][0m [90m{"implicit":50}[39m
[38;5;0m[HTTP][0m [37m<-- POST /wd/hub/session/8c99dfdd-cc1b-4683-8843-38c002b8ef2e/timeouts [39m[32m200[39m [90m2 ms - 14[39m
[38;5;0m[HTTP][0m [90m[39m
[38;5;0m[HTTP][0m [37m-->[39m [37mGET[39m [37m/wd/hub/session/8c99dfdd-cc1b-4683-8843-38c002b8ef2e/window/rect[39m
[38;5;0m[HTTP][0m [90m{}[39m
[38;5;0m[HTTP][0m [37m<-- GET /wd/hub/session/8c99dfdd-cc1b-4683-8843-38c002b8ef2e/window/rect [39m[32m200[39m [90m23 ms - 50[39m
[38;5;0m[HTTP][0m [90m[39m
[38;5;0m[HTTP][0m [37m-->[39m [37mPOST[39m [37m/wd/hub/session/8c99dfdd-cc1b-4683-8843-38c002b8ef2e/elements[39m
[38;5;0m[HTTP][0m [90m{"using":"xpath","value":"//hierarchy/android.widget.FrameLayout[1]/android.widget.LinearLayout[1]/android.widget.FrameLayout[1]/android.widget.FrameLayout[1]/android.view.View[1]/android.view.View[1]/android.view.View[1]/android.view.View[1]/android.widget.ScrollView[1]/android.widget.EditText[1]"}[39m
[38;5;0m[HTTP][0m [37m<-- POST /wd/hub/session/8c99dfdd-cc1b-4683-8843-38c002b8ef2e/elements [39m[32m200[39m [90m485 ms - 139[39m
[38;5;0m[HTTP][0m [90m[39m
[38;5;0m[HTTP][0m [37m-->[39m [37mGET[39m [37m/wd/hub/session/8c99dfdd-cc1b-4683-8843-38c002b8ef2e/element/00000000-0000-09df-0000-000c00000003/location[39m
[38;5;0m[HTTP][0m [90m{}[39m
[38;5;48m[AndroidUiautomator2Driver@8813 (8c99dfdd)][0m Driver proxy active, passing request on via HTTP proxy
[38;5;48m[AndroidUiautomator2Driver@8813 (8c99dfdd)][0m Replacing sessionId 486a7a89-5b71-4c04-a996-4e7ce3a89122 with 8c99dfdd-cc1b-4683-8843-38c002b8ef2e
[38;5;0m[HTTP][0m [37m<-- GET /wd/hub/session/8c99dfdd-cc1b-4683-8843-38c002b8ef2e/element/00000000-0000-09df-0000-000c00000003/location [39m[32m200[39m [90m28 ms - 78[39m
[38;5;0m[HTTP][0m [90m[39m
[38;5;0m[HTTP][0m [37m-->[39m [37mPOST[39m [37m/wd/hub/session/8c99dfdd-cc1b-4683-8843-38c002b8ef2e/timeouts[39m
[38;5;0m[HTTP][0m [90m{"implicit":30000}[39m
[38;5;0m[HTTP][0m [37m<-- POST /wd/hub/session/8c99dfdd-cc1b-4683-8843-38c002b8ef2e/timeouts [39m[32m200[39m [90m3 ms - 14[39m
[38;5;0m[HTTP][0m [90m[39m
[38;5;0m[HTTP][0m [37m-->[39m [37mPOST[39m [37m/wd/hub/session/8c99dfdd-cc1b-4683-8843-38c002b8ef2e/element/00000000-0000-09df-0000-000c00000003/click[39m
[38;5;0m[HTTP][0m [90m{"id":"00000000-0000-09df-0000-000c00000003"}[39m
[38;5;0m[HTTP][0m [37m<-- POST /wd/hub/session/8c99dfdd-cc1b-4683-8843-38c002b8ef2e/element/00000000-0000-09df-0000-000c00000003/click [39m[32m200[39m [90m958 ms - 14[39m
[38;5;0m[HTTP][0m [90m[39m
[38;5;0m[HTTP][0m [37m-->[39m [37mPOST[39m [37m/wd/hub/session/8c99dfdd-cc1b-4683-8843-38c002b8ef2e/timeouts[39m
[38;5;0m[HTTP][0m [90m{"implicit":50}[39m
[38;5;0m[HTTP][0m [37m<-- POST /wd/hub/session/8c99dfdd-cc1b-4683-8843-38c002b8ef2e/timeouts [39m[32m200[39m [90m1 ms - 14[39m
[38;5;0m[HTTP][0m [90m[39m
[38;5;0m[HTTP][0m [37m-->[39m [37mGET[39m [37m/wd/hub/session/8c99dfdd-cc1b-4683-8843-38c002b8ef2e/window/rect[39m
[38;5;0m[HTTP][0m [90m{}[39m
[38;5;0m[HTTP][0m [37m<-- GET /wd/hub/session/8c99dfdd-cc1b-4683-8843-38c002b8ef2e/window/rect [39m[32m200[39m [90m16 ms - 50[39m
[38;5;0m[HTTP][0m [90m[39m
[38;5;0m[HTTP][0m [37m-->[39m [37mPOST[39m [37m/wd/hub/session/8c99dfdd-cc1b-4683-8843-38c002b8ef2e/elements[39m
[38;5;0m[HTTP][0m [90m{"using":"xpath","value":"//hierarchy/android.widget.FrameLayout[1]/android.widget.LinearLayout[1]/android.widget.FrameLayout[1]/android.widget.FrameLayout[1]/android.view.View[1]/android.view.View[1]/android.view.View[1]/android.view.View[1]/android.widget.ScrollView[1]/android.widget.EditText[1]"}[39m
[38;5;0m[HTTP][0m [37m<-- POST /wd/hub/session/8c99dfdd-cc1b-4683-8843-38c002b8ef2e/elements [39m[32m200[39m [90m54 ms - 139[39m
[38;5;0m[HTTP][0m [90m[39m
[38;5;0m[HTTP][0m [37m-->[39m [37mGET[39m [37m/wd/hub/session/8c99dfdd-cc1b-4683-8843-38c002b8ef2e/element/00000000-0000-09df-0000-000c00000003/location[39m
[38;5;0m[HTTP][0m [90m{}[39m
[38;5;48m[AndroidUiautomator2Driver@8813 (8c99dfdd)][0m Driver proxy active, passing request on via HTTP proxy
[38;5;48m[AndroidUiautomator2Driver@8813 (8c99dfdd)][0m Replacing sessionId 486a7a89-5b71-4c04-a996-4e7ce3a89122 with 8c99dfdd-cc1b-4683-8843-38c002b8ef2e
[38;5;0m[HTTP][0m [37m<-- GET /wd/hub/session/8c99dfdd-cc1b-4683-8843-38c002b8ef2e/element/00000000-0000-09df-0000-000c00000003/location [39m[32m200[39m [90m17 ms - 78[39m
[38;5;0m[HTTP][0m [90m[39m
[38;5;0m[HTTP][0m [37m-->[39m [37mPOST[39m [37m/wd/hub/session/8c99dfdd-cc1b-4683-8843-38c002b8ef2e/timeouts[39m
[38;5;0m[HTTP][0m [90m{"implicit":30000}[39m
[38;5;0m[HTTP][0m [37m<-- POST /wd/hub/session/8c99dfdd-cc1b-4683-8843-38c002b8ef2e/timeouts [39m[32m200[39m [90m2 ms - 14[39m
[38;5;0m[HTTP][0m [90m[39m
[38;5;0m[HTTP][0m [37m-->[39m [37mPOST[39m [37m/wd/hub/session/8c99dfdd-cc1b-4683-8843-38c002b8ef2e/element/00000000-0000-09df-0000-000c00000003/clear[39m
[38;5;0m[HTTP][0m [90m{"id":"00000000-0000-09df-0000-000c00000003"}[39m
[38;5;0m[HTTP][0m [37m<-- POST /wd/hub/session/8c99dfdd-cc1b-4683-8843-38c002b8ef2e/element/00000000-0000-09df-0000-000c00000003/clear [39m[32m200[39m [90m15 ms - 14[39m
[38;5;0m[HTTP][0m [90m[39m
[38;5;0m[HTTP][0m [37m-->[39m [37mPOST[39m [37m/wd/hub/session/8c99dfdd-cc1b-4683-8843-38c002b8ef2e/element/00000000-0000-09df-0000-000c00000003/click[39m
[38;5;0m[HTTP][0m [90m{"id":"00000000-0000-09df-0000-000c00000003"}[39m
[38;5;0m[HTTP][0m [37m<-- POST /wd/hub/session/8c99dfdd-cc1b-4683-8843-38c002b8ef2e/element/00000000-0000-09df-0000-000c00000003/click [39m[32m200[39m [90m1781 ms - 14[39m
[38;5;0m[HTTP][0m [90m[39m
[38;5;0m[HTTP][0m [37m-->[39m [37mPOST[39m [37m/wd/hub/session/8c99dfdd-cc1b-4683-8843-38c002b8ef2e/element/00000000-0000-09df-0000-000c00000003/value[39m
[38;5;0m[HTTP][0m [90m{"id":"00000000-0000-09df-0000-000c00000003","text":"admin@indocyber.id","value":["a","d","m","i","n","@","i","n","d","o","c","y","b","e","r",".","i","d"]}[39m
[38;5;0m[HTTP][0m [37m<-- POST /wd/hub/session/8c99dfdd-cc1b-4683-8843-38c002b8ef2e/element/00000000-0000-09df-0000-000c00000003/value [39m[32m200[39m [90m33 ms - 14[39m
[38;5;0m[HTTP][0m [90m[39m
[38;5;0m[HTTP][0m [37m-->[39m [37mGET[39m [37m/wd/hub/session/8c99dfdd-cc1b-4683-8843-38c002b8ef2e/context[39m
[38;5;0m[HTTP][0m [90m{}[39m
[38;5;0m[HTTP][0m [37m<-- GET /wd/hub/session/8c99dfdd-cc1b-4683-8843-38c002b8ef2e/context [39m[32m200[39m [90m3 ms - 22[39m
[38;5;0m[HTTP][0m [90m[39m
[38;5;0m[HTTP][0m [37m-->[39m [37mGET[39m [37m/wd/hub/session/8c99dfdd-cc1b-4683-8843-38c002b8ef2e/contexts[39m
[38;5;0m[HTTP][0m [90m{}[39m
[38;5;0m[HTTP][0m [37m<-- GET /wd/hub/session/8c99dfdd-cc1b-4683-8843-38c002b8ef2e/contexts [39m[32m200[39m [90m160 ms - 24[39m
[38;5;0m[HTTP][0m [90m[39m
[38;5;0m[HTTP][0m [37m-->[39m [37mPOST[39m [37m/wd/hub/session/8c99dfdd-cc1b-4683-8843-38c002b8ef2e/context[39m
[38;5;0m[HTTP][0m [90m{"name":"NATIVE_APP"}[39m
[38;5;0m[HTTP][0m [37m<-- POST /wd/hub/session/8c99dfdd-cc1b-4683-8843-38c002b8ef2e/context [39m[32m200[39m [90m4 ms - 14[39m
[38;5;0m[HTTP][0m [90m[39m
[38;5;0m[HTTP][0m [37m-->[39m [37mPOST[39m [37m/wd/hub/session/8c99dfdd-cc1b-4683-8843-38c002b8ef2e/appium/device/hide_keyboard[39m
[38;5;0m[HTTP][0m [90m{}[39m
[38;5;0m[HTTP][0m [37m<-- POST /wd/hub/session/8c99dfdd-cc1b-4683-8843-38c002b8ef2e/appium/device/hide_keyboard [39m[32m200[39m [90m931 ms - 14[39m
[38;5;0m[HTTP][0m [90m[39m
[38;5;0m[HTTP][0m [37m-->[39m [37mPOST[39m [37m/wd/hub/session/8c99dfdd-cc1b-4683-8843-38c002b8ef2e/context[39m
[38;5;0m[HTTP][0m [90m{"name":"NATIVE_APP"}[39m
[38;5;0m[HTTP][0m [37m<-- POST /wd/hub/session/8c99dfdd-cc1b-4683-8843-38c002b8ef2e/context [39m[32m200[39m [90m3 ms - 14[39m
[38;5;0m[HTTP][0m [90m[39m
[38;5;0m[HTTP][0m [37m-->[39m [37mPOST[39m [37m/wd/hub/session/8c99dfdd-cc1b-4683-8843-38c002b8ef2e/timeouts[39m
[38;5;0m[HTTP][0m [90m{"implicit":50}[39m
[38;5;0m[HTTP][0m [37m<-- POST /wd/hub/session/8c99dfdd-cc1b-4683-8843-38c002b8ef2e/timeouts [39m[32m200[39m [90m2 ms - 14[39m
[38;5;0m[HTTP][0m [90m[39m
[38;5;0m[HTTP][0m [37m-->[39m [37mGET[39m [37m/wd/hub/session/8c99dfdd-cc1b-4683-8843-38c002b8ef2e/window/rect[39m
[38;5;0m[HTTP][0m [90m{}[39m
[38;5;0m[HTTP][0m [37m<-- GET /wd/hub/session/8c99dfdd-cc1b-4683-8843-38c002b8ef2e/window/rect [39m[32m200[39m [90m15 ms - 50[39m
[38;5;0m[HTTP][0m [90m[39m
[38;5;0m[HTTP][0m [37m-->[39m [37mPOST[39m [37m/wd/hub/session/8c99dfdd-cc1b-4683-8843-38c002b8ef2e/elements[39m
[38;5;0m[HTTP][0m [90m{"using":"xpath","value":"//hierarchy/android.widget.FrameLayout[1]/android.widget.LinearLayout[1]/android.widget.FrameLayout[1]/android.widget.FrameLayout[1]/android.view.View[1]/android.view.View[1]/android.view.View[1]/android.view.View[1]/android.widget.ScrollView[1]/android.widget.EditText[2]"}[39m
[38;5;0m[HTTP][0m [37m<-- POST /wd/hub/session/8c99dfdd-cc1b-4683-8843-38c002b8ef2e/elements [39m[32m200[39m [90m815 ms - 139[39m
[38;5;0m[HTTP][0m [90m[39m
[38;5;0m[HTTP][0m [37m-->[39m [37mGET[39m [37m/wd/hub/session/8c99dfdd-cc1b-4683-8843-38c002b8ef2e/element/00000000-0000-09df-0000-000e00000003/location[39m
[38;5;0m[HTTP][0m [90m{}[39m
[38;5;48m[AndroidUiautomator2Driver@8813 (8c99dfdd)][0m Driver proxy active, passing request on via HTTP proxy
[38;5;48m[AndroidUiautomator2Driver@8813 (8c99dfdd)][0m Replacing sessionId 486a7a89-5b71-4c04-a996-4e7ce3a89122 with 8c99dfdd-cc1b-4683-8843-38c002b8ef2e
[38;5;0m[HTTP][0m [37m<-- GET /wd/hub/session/8c99dfdd-cc1b-4683-8843-38c002b8ef2e/element/00000000-0000-09df-0000-000e00000003/location [39m[32m200[39m [90m25 ms - 78[39m
[38;5;0m[HTTP][0m [90m[39m
[38;5;0m[HTTP][0m [37m-->[39m [37mPOST[39m [37m/wd/hub/session/8c99dfdd-cc1b-4683-8843-38c002b8ef2e/timeouts[39m
[38;5;0m[HTTP][0m [90m{"implicit":30000}[39m
[38;5;0m[HTTP][0m [37m<-- POST /wd/hub/session/8c99dfdd-cc1b-4683-8843-38c002b8ef2e/timeouts [39m[32m200[39m [90m2 ms - 14[39m
[38;5;0m[HTTP][0m [90m[39m
[38;5;0m[HTTP][0m [37m-->[39m [37mPOST[39m [37m/wd/hub/session/8c99dfdd-cc1b-4683-8843-38c002b8ef2e/element/00000000-0000-09df-0000-000e00000003/click[39m
[38;5;0m[HTTP][0m [90m{"id":"00000000-0000-09df-0000-000e00000003"}[39m
[38;5;0m[HTTP][0m [37m<-- POST /wd/hub/session/8c99dfdd-cc1b-4683-8843-38c002b8ef2e/element/00000000-0000-09df-0000-000e00000003/click [39m[32m200[39m [90m56 ms - 14[39m
[38;5;0m[HTTP][0m [90m[39m
[38;5;0m[HTTP][0m [37m-->[39m [37mPOST[39m [37m/wd/hub/session/8c99dfdd-cc1b-4683-8843-38c002b8ef2e/timeouts[39m
[38;5;0m[HTTP][0m [90m{"implicit":50}[39m
[38;5;0m[HTTP][0m [37m<-- POST /wd/hub/session/8c99dfdd-cc1b-4683-8843-38c002b8ef2e/timeouts [39m[32m200[39m [90m2 ms - 14[39m
[38;5;0m[HTTP][0m [90m[39m
[38;5;0m[HTTP][0m [37m-->[39m [37mGET[39m [37m/wd/hub/session/8c99dfdd-cc1b-4683-8843-38c002b8ef2e/window/rect[39m
[38;5;0m[HTTP][0m [90m{}[39m
[38;5;0m[HTTP][0m [37m<-- GET /wd/hub/session/8c99dfdd-cc1b-4683-8843-38c002b8ef2e/window/rect [39m[32m200[39m [90m17 ms - 50[39m
[38;5;0m[HTTP][0m [90m[39m
[38;5;0m[HTTP][0m [37m-->[39m [37mPOST[39m [37m/wd/hub/session/8c99dfdd-cc1b-4683-8843-38c002b8ef2e/elements[39m
[38;5;0m[HTTP][0m [90m{"using":"xpath","value":"//hierarchy/android.widget.FrameLayout[1]/android.widget.LinearLayout[1]/android.widget.FrameLayout[1]/android.widget.FrameLayout[1]/android.view.View[1]/android.view.View[1]/android.view.View[1]/android.view.View[1]/android.widget.ScrollView[1]/android.widget.EditText[2]"}[39m
[38;5;0m[HTTP][0m [37m<-- POST /wd/hub/session/8c99dfdd-cc1b-4683-8843-38c002b8ef2e/elements [39m[32m200[39m [90m117 ms - 139[39m
[38;5;0m[HTTP][0m [90m[39m
[38;5;0m[HTTP][0m [37m-->[39m [37mGET[39m [37m/wd/hub/session/8c99dfdd-cc1b-4683-8843-38c002b8ef2e/element/00000000-0000-09df-0000-000e00000003/location[39m
[38;5;0m[HTTP][0m [90m{}[39m
[38;5;48m[AndroidUiautomator2Driver@8813 (8c99dfdd)][0m Driver proxy active, passing request on via HTTP proxy
[38;5;48m[AndroidUiautomator2Driver@8813 (8c99dfdd)][0m Replacing sessionId 486a7a89-5b71-4c04-a996-4e7ce3a89122 with 8c99dfdd-cc1b-4683-8843-38c002b8ef2e
[38;5;0m[HTTP][0m [37m<-- GET /wd/hub/session/8c99dfdd-cc1b-4683-8843-38c002b8ef2e/element/00000000-0000-09df-0000-000e00000003/location [39m[32m200[39m [90m1209 ms - 78[39m
[38;5;0m[HTTP][0m [90m[39m
[38;5;0m[HTTP][0m [37m-->[39m [37mPOST[39m [37m/wd/hub/session/8c99dfdd-cc1b-4683-8843-38c002b8ef2e/timeouts[39m
[38;5;0m[HTTP][0m [90m{"implicit":30000}[39m
[38;5;0m[HTTP][0m [37m<-- POST /wd/hub/session/8c99dfdd-cc1b-4683-8843-38c002b8ef2e/timeouts [39m[32m200[39m [90m1 ms - 14[39m
[38;5;0m[HTTP][0m [90m[39m
[38;5;0m[HTTP][0m [37m-->[39m [37mPOST[39m [37m/wd/hub/session/8c99dfdd-cc1b-4683-8843-38c002b8ef2e/element/00000000-0000-09df-0000-000e00000003/clear[39m
[38;5;0m[HTTP][0m [90m{"id":"00000000-0000-09df-0000-000e00000003"}[39m
[38;5;0m[HTTP][0m [37m<-- POST /wd/hub/session/8c99dfdd-cc1b-4683-8843-38c002b8ef2e/element/00000000-0000-09df-0000-000e00000003/clear [39m[32m200[39m [90m24 ms - 14[39m
[38;5;0m[HTTP][0m [90m[39m
[38;5;0m[HTTP][0m [37m-->[39m [37mPOST[39m [37m/wd/hub/session/8c99dfdd-cc1b-4683-8843-38c002b8ef2e/element/00000000-0000-09df-0000-000e00000003/click[39m
[38;5;0m[HTTP][0m [90m{"id":"00000000-0000-09df-0000-000e00000003"}[39m
[38;5;0m[HTTP][0m [37m<-- POST /wd/hub/session/8c99dfdd-cc1b-4683-8843-38c002b8ef2e/element/00000000-0000-09df-0000-000e00000003/click [39m[32m200[39m [90m57 ms - 14[39m
[38;5;0m[HTTP][0m [90m[39m
[38;5;0m[HTTP][0m [37m-->[39m [37mPOST[39m [37m/wd/hub/session/8c99dfdd-cc1b-4683-8843-38c002b8ef2e/element/00000000-0000-09df-0000-000e00000003/value[39m
[38;5;0m[HTTP][0m [90m{"id":"00000000-0000-09df-0000-000e00000003","text":"123","value":["1","2","3"]}[39m
[38;5;0m[HTTP][0m [37m<-- POST /wd/hub/session/8c99dfdd-cc1b-4683-8843-38c002b8ef2e/element/00000000-0000-09df-0000-000e00000003/value [39m[32m200[39m [90m39 ms - 14[39m
[38;5;0m[HTTP][0m [90m[39m
[38;5;0m[HTTP][0m [37m-->[39m [37mGET[39m [37m/wd/hub/session/8c99dfdd-cc1b-4683-8843-38c002b8ef2e/context[39m
[38;5;0m[HTTP][0m [90m{}[39m
[38;5;0m[HTTP][0m [37m<-- GET /wd/hub/session/8c99dfdd-cc1b-4683-8843-38c002b8ef2e/context [39m[32m200[39m [90m4 ms - 22[39m
[38;5;0m[HTTP][0m [90m[39m
[38;5;0m[HTTP][0m [37m-->[39m [37mGET[39m [37m/wd/hub/session/8c99dfdd-cc1b-4683-8843-38c002b8ef2e/contexts[39m
[38;5;0m[HTTP][0m [90m{}[39m
[38;5;0m[HTTP][0m [37m<-- GET /wd/hub/session/8c99dfdd-cc1b-4683-8843-38c002b8ef2e/contexts [39m[32m200[39m [90m90 ms - 24[39m
[38;5;0m[HTTP][0m [90m[39m
[38;5;0m[HTTP][0m [37m-->[39m [37mPOST[39m [37m/wd/hub/session/8c99dfdd-cc1b-4683-8843-38c002b8ef2e/context[39m
[38;5;0m[HTTP][0m [90m{"name":"NATIVE_APP"}[39m
[38;5;0m[HTTP][0m [37m<-- POST /wd/hub/session/8c99dfdd-cc1b-4683-8843-38c002b8ef2e/context [39m[32m200[39m [90m2 ms - 14[39m
[38;5;0m[HTTP][0m [90m[39m
[38;5;0m[HTTP][0m [37m-->[39m [37mPOST[39m [37m/wd/hub/session/8c99dfdd-cc1b-4683-8843-38c002b8ef2e/appium/device/hide_keyboard[39m
[38;5;0m[HTTP][0m [90m{}[39m
[38;5;0m[HTTP][0m [37m<-- POST /wd/hub/session/8c99dfdd-cc1b-4683-8843-38c002b8ef2e/appium/device/hide_keyboard [39m[32m200[39m [90m2017 ms - 14[39m
[38;5;0m[HTTP][0m [90m[39m
[38;5;0m[HTTP][0m [37m-->[39m [37mPOST[39m [37m/wd/hub/session/8c99dfdd-cc1b-4683-8843-38c002b8ef2e/context[39m
[38;5;0m[HTTP][0m [90m{"name":"NATIVE_APP"}[39m
[38;5;0m[HTTP][0m [37m<-- POST /wd/hub/session/8c99dfdd-cc1b-4683-8843-38c002b8ef2e/context [39m[32m200[39m [90m2 ms - 14[39m
[38;5;0m[HTTP][0m [90m[39m
[38;5;0m[HTTP][0m [37m-->[39m [37mPOST[39m [37m/wd/hub/session/8c99dfdd-cc1b-4683-8843-38c002b8ef2e/timeouts[39m
[38;5;0m[HTTP][0m [90m{"implicit":50}[39m
[38;5;0m[HTTP][0m [37m<-- POST /wd/hub/session/8c99dfdd-cc1b-4683-8843-38c002b8ef2e/timeouts [39m[32m200[39m [90m2 ms - 14[39m
[38;5;0m[HTTP][0m [90m[39m
[38;5;0m[HTTP][0m [37m-->[39m [37mGET[39m [37m/wd/hub/session/8c99dfdd-cc1b-4683-8843-38c002b8ef2e/window/rect[39m
[38;5;0m[HTTP][0m [90m{}[39m
[38;5;0m[HTTP][0m [37m<-- GET /wd/hub/session/8c99dfdd-cc1b-4683-8843-38c002b8ef2e/window/rect [39m[32m200[39m [90m21 ms - 50[39m
[38;5;0m[HTTP][0m [90m[39m
[38;5;0m[HTTP][0m [37m-->[39m [37mPOST[39m [37m/wd/hub/session/8c99dfdd-cc1b-4683-8843-38c002b8ef2e/elements[39m
[38;5;0m[HTTP][0m [90m{"using":"xpath","value":"//hierarchy/android.widget.FrameLayout[1]/android.widget.LinearLayout[1]/android.widget.FrameLayout[1]/android.widget.FrameLayout[1]/android.view.View[1]/android.view.View[1]/android.view.View[1]/android.view.View[1]/android.widget.ScrollView[1]/android.widget.Button[1]"}[39m
[38;5;0m[HTTP][0m [37m<-- POST /wd/hub/session/8c99dfdd-cc1b-4683-8843-38c002b8ef2e/elements [39m[32m200[39m [90m961 ms - 139[39m
[38;5;0m[HTTP][0m [90m[39m
[38;5;0m[HTTP][0m [37m-->[39m [37mGET[39m [37m/wd/hub/session/8c99dfdd-cc1b-4683-8843-38c002b8ef2e/element/00000000-0000-09df-0000-001000000003/location[39m
[38;5;0m[HTTP][0m [90m{}[39m
[38;5;48m[AndroidUiautomator2Driver@8813 (8c99dfdd)][0m Driver proxy active, passing request on via HTTP proxy
[38;5;48m[AndroidUiautomator2Driver@8813 (8c99dfdd)][0m Replacing sessionId 486a7a89-5b71-4c04-a996-4e7ce3a89122 with 8c99dfdd-cc1b-4683-8843-38c002b8ef2e
[38;5;0m[HTTP][0m [37m<-- GET /wd/hub/session/8c99dfdd-cc1b-4683-8843-38c002b8ef2e/element/00000000-0000-09df-0000-001000000003/location [39m[32m200[39m [90m40 ms - 78[39m
[38;5;0m[HTTP][0m [90m[39m
[38;5;0m[HTTP][0m [37m-->[39m [37mPOST[39m [37m/wd/hub/session/8c99dfdd-cc1b-4683-8843-38c002b8ef2e/timeouts[39m
[38;5;0m[HTTP][0m [90m{"implicit":30000}[39m
[38;5;0m[HTTP][0m [37m<-- POST /wd/hub/session/8c99dfdd-cc1b-4683-8843-38c002b8ef2e/timeouts [39m[32m200[39m [90m3 ms - 14[39m
[38;5;0m[HTTP][0m [90m[39m
[38;5;0m[HTTP][0m [37m-->[39m [37mPOST[39m [37m/wd/hub/session/8c99dfdd-cc1b-4683-8843-38c002b8ef2e/element/00000000-0000-09df-0000-001000000003/click[39m
[38;5;0m[HTTP][0m [90m{"id":"00000000-0000-09df-0000-001000000003"}[39m
[38;5;0m[HTTP][0m [37m<-- POST /wd/hub/session/8c99dfdd-cc1b-4683-8843-38c002b8ef2e/element/00000000-0000-09df-0000-001000000003/click [39m[32m200[39m [90m47 ms - 14[39m
[38;5;0m[HTTP][0m [90m[39m
[38;5;0m[HTTP][0m [37m-->[39m [37mPOST[39m [37m/wd/hub/session/8c99dfdd-cc1b-4683-8843-38c002b8ef2e/timeouts[39m
[38;5;0m[HTTP][0m [90m{"implicit":50}[39m
[38;5;0m[HTTP][0m [37m<-- POST /wd/hub/session/8c99dfdd-cc1b-4683-8843-38c002b8ef2e/timeouts [39m[32m200[39m [90m2 ms - 14[39m
[38;5;0m[HTTP][0m [90m[39m
[38;5;0m[HTTP][0m [37m-->[39m [37mGET[39m [37m/wd/hub/session/8c99dfdd-cc1b-4683-8843-38c002b8ef2e/window/rect[39m
[38;5;0m[HTTP][0m [90m{}[39m
[38;5;0m[HTTP][0m [37m<-- GET /wd/hub/session/8c99dfdd-cc1b-4683-8843-38c002b8ef2e/window/rect [39m[32m200[39m [90m14 ms - 50[39m
[38;5;0m[HTTP][0m [90m[39m
[38;5;0m[HTTP][0m [37m-->[39m [37mPOST[39m [37m/wd/hub/session/8c99dfdd-cc1b-4683-8843-38c002b8ef2e/elements[39m
[38;5;0m[HTTP][0m [90m{"using":"xpath","value":"//hierarchy/android.widget.FrameLayout[1]/android.widget.LinearLayout[1]/android.widget.FrameLayout[1]/android.widget.FrameLayout[1]/android.view.View[1]/android.view.View[1]/android.view.View[1]/android.view.View[1]/android.view.View[1]/android.view.View[1]"}[39m
[38;5;0m[HTTP][0m [37m<-- POST /wd/hub/session/8c99dfdd-cc1b-4683-8843-38c002b8ef2e/elements [39m[32m200[39m [90m112 ms - 139[39m
[38;5;0m[HTTP][0m [90m[39m
[38;5;0m[HTTP][0m [37m-->[39m [37mGET[39m [37m/wd/hub/session/8c99dfdd-cc1b-4683-8843-38c002b8ef2e/element/00000000-0000-09df-0000-005300000003/location[39m
[38;5;0m[HTTP][0m [90m{}[39m
[38;5;48m[AndroidUiautomator2Driver@8813 (8c99dfdd)][0m Driver proxy active, passing request on via HTTP proxy
[38;5;48m[AndroidUiautomator2Driver@8813 (8c99dfdd)][0m Replacing sessionId 486a7a89-5b71-4c04-a996-4e7ce3a89122 with 8c99dfdd-cc1b-4683-8843-38c002b8ef2e
[38;5;0m[HTTP][0m [37m<-- GET /wd/hub/session/8c99dfdd-cc1b-4683-8843-38c002b8ef2e/element/00000000-0000-09df-0000-005300000003/location [39m[32m200[39m [90m464 ms - 76[39m
[38;5;0m[HTTP][0m [90m[39m
[38;5;0m[HTTP][0m [37m-->[39m [37mPOST[39m [37m/wd/hub/session/8c99dfdd-cc1b-4683-8843-38c002b8ef2e/timeouts[39m
[38;5;0m[HTTP][0m [90m{"implicit":30000}[39m
[38;5;0m[HTTP][0m [37m<-- POST /wd/hub/session/8c99dfdd-cc1b-4683-8843-38c002b8ef2e/timeouts [39m[32m200[39m [90m1 ms - 14[39m
[38;5;0m[HTTP][0m [90m[39m
[38;5;0m[HTTP][0m [37m-->[39m [37mPOST[39m [37m/wd/hub/session/8c99dfdd-cc1b-4683-8843-38c002b8ef2e/timeouts[39m
[38;5;0m[HTTP][0m [90m{"implicit":50}[39m
[38;5;0m[HTTP][0m [37m<-- POST /wd/hub/session/8c99dfdd-cc1b-4683-8843-38c002b8ef2e/timeouts [39m[32m200[39m [90m2 ms - 14[39m
[38;5;0m[HTTP][0m [90m[39m
[38;5;0m[HTTP][0m [37m-->[39m [37mGET[39m [37m/wd/hub/session/8c99dfdd-cc1b-4683-8843-38c002b8ef2e/window/rect[39m
[38;5;0m[HTTP][0m [90m{}[39m
[38;5;0m[HTTP][0m [37m<-- GET /wd/hub/session/8c99dfdd-cc1b-4683-8843-38c002b8ef2e/window/rect [39m[32m200[39m [90m25 ms - 50[39m
[38;5;0m[HTTP][0m [90m[39m
[38;5;0m[HTTP][0m [37m-->[39m [37mPOST[39m [37m/wd/hub/session/8c99dfdd-cc1b-4683-8843-38c002b8ef2e/elements[39m
[38;5;0m[HTTP][0m [90m{"using":"xpath","value":"//hierarchy/android.widget.FrameLayout[1]/android.widget.LinearLayout[1]/android.widget.FrameLayout[1]/android.widget.FrameLayout[1]/android.view.View[1]/android.view.View[1]/android.view.View[1]/android.view.View[1]/android.view.View[2]/android.view.View[1]/android.view.View[8]/android.view.View[1]/android.view.View[1]/android.widget.ImageView[4]"}[39m
[38;5;0m[HTTP][0m [37m<-- POST /wd/hub/session/8c99dfdd-cc1b-4683-8843-38c002b8ef2e/elements [39m[32m200[39m [90m150 ms - 139[39m
[38;5;0m[HTTP][0m [90m[39m
[38;5;0m[HTTP][0m [37m-->[39m [37mGET[39m [37m/wd/hub/session/8c99dfdd-cc1b-4683-8843-38c002b8ef2e/element/00000000-0000-09df-0000-003700000003/location[39m
[38;5;0m[HTTP][0m [90m{}[39m
[38;5;48m[AndroidUiautomator2Driver@8813 (8c99dfdd)][0m Driver proxy active, passing request on via HTTP proxy
[38;5;48m[AndroidUiautomator2Driver@8813 (8c99dfdd)][0m Replacing sessionId 486a7a89-5b71-4c04-a996-4e7ce3a89122 with 8c99dfdd-cc1b-4683-8843-38c002b8ef2e
[38;5;0m[HTTP][0m [37m<-- GET /wd/hub/session/8c99dfdd-cc1b-4683-8843-38c002b8ef2e/element/00000000-0000-09df-0000-003700000003/location [39m[32m200[39m [90m32 ms - 78[39m
[38;5;0m[HTTP][0m [90m[39m
[38;5;0m[HTTP][0m [37m-->[39m [37mPOST[39m [37m/wd/hub/session/8c99dfdd-cc1b-4683-8843-38c002b8ef2e/timeouts[39m
[38;5;0m[HTTP][0m [90m{"implicit":30000}[39m
[38;5;0m[HTTP][0m [37m<-- POST /wd/hub/session/8c99dfdd-cc1b-4683-8843-38c002b8ef2e/timeouts [39m[32m200[39m [90m2 ms - 14[39m
[38;5;0m[HTTP][0m [90m[39m
[38;5;0m[HTTP][0m [37m-->[39m [37mPOST[39m [37m/wd/hub/session/8c99dfdd-cc1b-4683-8843-38c002b8ef2e/element/00000000-0000-09df-0000-003700000003/click[39m
[38;5;0m[HTTP][0m [90m{"id":"00000000-0000-09df-0000-003700000003"}[39m
[38;5;0m[HTTP][0m [37m<-- POST /wd/hub/session/8c99dfdd-cc1b-4683-8843-38c002b8ef2e/element/00000000-0000-09df-0000-003700000003/click [39m[32m200[39m [90m130 ms - 14[39m
[38;5;0m[HTTP][0m [90m[39m
[38;5;0m[HTTP][0m [37m-->[39m [37mPOST[39m [37m/wd/hub/session/8c99dfdd-cc1b-4683-8843-38c002b8ef2e/timeouts[39m
[38;5;0m[HTTP][0m [90m{"implicit":50}[39m
[38;5;0m[HTTP][0m [37m<-- POST /wd/hub/session/8c99dfdd-cc1b-4683-8843-38c002b8ef2e/timeouts [39m[32m200[39m [90m3 ms - 14[39m
[38;5;0m[HTTP][0m [90m[39m
[38;5;0m[HTTP][0m [37m-->[39m [37mGET[39m [37m/wd/hub/session/8c99dfdd-cc1b-4683-8843-38c002b8ef2e/window/rect[39m
[38;5;0m[HTTP][0m [90m{}[39m
[38;5;0m[HTTP][0m [37m<-- GET /wd/hub/session/8c99dfdd-cc1b-4683-8843-38c002b8ef2e/window/rect [39m[32m200[39m [90m13 ms - 50[39m
[38;5;0m[HTTP][0m [90m[39m
[38;5;0m[HTTP][0m [37m-->[39m [37mPOST[39m [37m/wd/hub/session/8c99dfdd-cc1b-4683-8843-38c002b8ef2e/elements[39m
[38;5;0m[HTTP][0m [90m{"using":"xpath","value":"//hierarchy/android.widget.FrameLayout[1]/android.widget.LinearLayout[1]/android.widget.FrameLayout[1]/android.widget.FrameLayout[1]/android.view.View[1]/android.view.View[1]/android.view.View[1]/android.view.View[1]/android.view.View[2]/android.view.View[1]/android.view.View[1]/android.widget.ImageView[1]"}[39m
[38;5;0m[HTTP][0m [37m<-- POST /wd/hub/session/8c99dfdd-cc1b-4683-8843-38c002b8ef2e/elements [39m[32m200[39m [90m126 ms - 12[39m
[38;5;0m[HTTP][0m [90m[39m
[38;5;0m[HTTP][0m [37m-->[39m [37mPOST[39m [37m/wd/hub/session/8c99dfdd-cc1b-4683-8843-38c002b8ef2e/elements[39m
[38;5;0m[HTTP][0m [90m{"using":"xpath","value":"//hierarchy/android.widget.FrameLayout[1]/android.widget.LinearLayout[1]/android.widget.FrameLayout[1]/android.widget.FrameLayout[1]/android.view.View[1]/android.view.View[1]/android.view.View[1]/android.view.View[1]/android.view.View[2]/android.view.View[1]/android.view.View[1]/android.widget.ImageView[1]"}[39m
[38;5;0m[HTTP][0m [37m<-- POST /wd/hub/session/8c99dfdd-cc1b-4683-8843-38c002b8ef2e/elements [39m[32m200[39m [90m1175 ms - 139[39m
[38;5;0m[HTTP][0m [90m[39m
[38;5;0m[HTTP][0m [37m-->[39m [37mGET[39m [37m/wd/hub/session/8c99dfdd-cc1b-4683-8843-38c002b8ef2e/element/00000000-0000-09df-0000-005d00000003/location[39m
[38;5;0m[HTTP][0m [90m{}[39m
[38;5;48m[AndroidUiautomator2Driver@8813 (8c99dfdd)][0m Driver proxy active, passing request on via HTTP proxy
[38;5;48m[AndroidUiautomator2Driver@8813 (8c99dfdd)][0m Replacing sessionId 486a7a89-5b71-4c04-a996-4e7ce3a89122 with 8c99dfdd-cc1b-4683-8843-38c002b8ef2e
[38;5;0m[HTTP][0m [37m<-- GET /wd/hub/session/8c99dfdd-cc1b-4683-8843-38c002b8ef2e/element/00000000-0000-09df-0000-005d00000003/location [39m[32m200[39m [90m13 ms - 79[39m
[38;5;0m[HTTP][0m [90m[39m
[38;5;0m[HTTP][0m [37m-->[39m [37mPOST[39m [37m/wd/hub/session/8c99dfdd-cc1b-4683-8843-38c002b8ef2e/timeouts[39m
[38;5;0m[HTTP][0m [90m{"implicit":30000}[39m
[38;5;0m[HTTP][0m [37m<-- POST /wd/hub/session/8c99dfdd-cc1b-4683-8843-38c002b8ef2e/timeouts [39m[32m200[39m [90m1 ms - 14[39m
[38;5;0m[HTTP][0m [90m[39m
[38;5;0m[HTTP][0m [37m-->[39m [37mPOST[39m [37m/wd/hub/session/8c99dfdd-cc1b-4683-8843-38c002b8ef2e/element/00000000-0000-09df-0000-005d00000003/click[39m
[38;5;0m[HTTP][0m [90m{"id":"00000000-0000-09df-0000-005d00000003"}[39m
[38;5;0m[HTTP][0m [37m<-- POST /wd/hub/session/8c99dfdd-cc1b-4683-8843-38c002b8ef2e/element/00000000-0000-09df-0000-005d00000003/click [39m[32m200[39m [90m48 ms - 14[39m
[38;5;0m[HTTP][0m [90m[39m
[38;5;0m[HTTP][0m [37m-->[39m [37mPOST[39m [37m/wd/hub/session/8c99dfdd-cc1b-4683-8843-38c002b8ef2e/timeouts[39m
[38;5;0m[HTTP][0m [90m{"implicit":50}[39m
[38;5;0m[HTTP][0m [37m<-- POST /wd/hub/session/8c99dfdd-cc1b-4683-8843-38c002b8ef2e/timeouts [39m[32m200[39m [90m3 ms - 14[39m
[38;5;0m[HTTP][0m [90m[39m
[38;5;0m[HTTP][0m [37m-->[39m [37mGET[39m [37m/wd/hub/session/8c99dfdd-cc1b-4683-8843-38c002b8ef2e/window/rect[39m
[38;5;0m[HTTP][0m [90m{}[39m
[38;5;0m[HTTP][0m [37m<-- GET /wd/hub/session/8c99dfdd-cc1b-4683-8843-38c002b8ef2e/window/rect [39m[32m200[39m [90m9 ms - 50[39m
[38;5;0m[HTTP][0m [90m[39m
[38;5;0m[HTTP][0m [37m-->[39m [37mPOST[39m [37m/wd/hub/session/8c99dfdd-cc1b-4683-8843-38c002b8ef2e/elements[39m
[38;5;0m[HTTP][0m [90m{"using":"accessibility id","value":"Prospect Customer"}[39m
[38;5;0m[HTTP][0m [37m<-- POST /wd/hub/session/8c99dfdd-cc1b-4683-8843-38c002b8ef2e/elements [39m[32m200[39m [90m706 ms - 139[39m
[38;5;0m[HTTP][0m [90m[39m
[38;5;0m[HTTP][0m [37m-->[39m [37mGET[39m [37m/wd/hub/session/8c99dfdd-cc1b-4683-8843-38c002b8ef2e/element/00000000-0000-09df-0000-007400000003/location[39m
[38;5;0m[HTTP][0m [90m{}[39m
[38;5;48m[AndroidUiautomator2Driver@8813 (8c99dfdd)][0m Driver proxy active, passing request on via HTTP proxy
[38;5;48m[AndroidUiautomator2Driver@8813 (8c99dfdd)][0m Replacing sessionId 486a7a89-5b71-4c04-a996-4e7ce3a89122 with 8c99dfdd-cc1b-4683-8843-38c002b8ef2e
[38;5;0m[HTTP][0m [37m<-- GET /wd/hub/session/8c99dfdd-cc1b-4683-8843-38c002b8ef2e/element/00000000-0000-09df-0000-007400000003/location [39m[32m200[39m [90m14 ms - 78[39m
[38;5;0m[HTTP][0m [90m[39m
[38;5;0m[HTTP][0m [37m-->[39m [37mPOST[39m [37m/wd/hub/session/8c99dfdd-cc1b-4683-8843-38c002b8ef2e/timeouts[39m
[38;5;0m[HTTP][0m [90m{"implicit":30000}[39m
[38;5;0m[HTTP][0m [37m<-- POST /wd/hub/session/8c99dfdd-cc1b-4683-8843-38c002b8ef2e/timeouts [39m[32m200[39m [90m1 ms - 14[39m
[38;5;0m[HTTP][0m [90m[39m
[38;5;0m[HTTP][0m [37m-->[39m [37mPOST[39m [37m/wd/hub/session/8c99dfdd-cc1b-4683-8843-38c002b8ef2e/element/00000000-0000-09df-0000-007400000003/click[39m
[38;5;0m[HTTP][0m [90m{"id":"00000000-0000-09df-0000-007400000003"}[39m
[38;5;0m[HTTP][0m [37m<-- POST /wd/hub/session/8c99dfdd-cc1b-4683-8843-38c002b8ef2e/element/00000000-0000-09df-0000-007400000003/click [39m[32m200[39m [90m51 ms - 14[39m
[38;5;0m[HTTP][0m [90m[39m
[38;5;0m[HTTP][0m [37m-->[39m [37mGET[39m [37m/wd/hub/session/8c99dfdd-cc1b-4683-8843-38c002b8ef2e/context[39m
[38;5;0m[HTTP][0m [90m{}[39m
[38;5;0m[HTTP][0m [37m<-- GET /wd/hub/session/8c99dfdd-cc1b-4683-8843-38c002b8ef2e/context [39m[32m200[39m [90m1 ms - 22[39m
[38;5;0m[HTTP][0m [90m[39m
[38;5;0m[HTTP][0m [37m-->[39m [37mGET[39m [37m/wd/hub/session/8c99dfdd-cc1b-4683-8843-38c002b8ef2e/contexts[39m
[38;5;0m[HTTP][0m [90m{}[39m
[38;5;0m[HTTP][0m [37m<-- GET /wd/hub/session/8c99dfdd-cc1b-4683-8843-38c002b8ef2e/contexts [39m[32m200[39m [90m53 ms - 24[39m
[38;5;0m[HTTP][0m [90m[39m
[38;5;0m[HTTP][0m [37m-->[39m [37mPOST[39m [37m/wd/hub/session/8c99dfdd-cc1b-4683-8843-38c002b8ef2e/context[39m
[38;5;0m[HTTP][0m [90m{"name":"NATIVE_APP"}[39m
[38;5;0m[HTTP][0m [37m<-- POST /wd/hub/session/8c99dfdd-cc1b-4683-8843-38c002b8ef2e/context [39m[32m200[39m [90m1 ms - 14[39m
[38;5;0m[HTTP][0m [90m[39m
[38;5;0m[HTTP][0m [37m-->[39m [37mGET[39m [37m/wd/hub/session/8c99dfdd-cc1b-4683-8843-38c002b8ef2e/screenshot[39m
[38;5;0m[HTTP][0m [90m{}[39m
[38;5;0m[HTTP][0m [37m<-- GET /wd/hub/session/8c99dfdd-cc1b-4683-8843-38c002b8ef2e/screenshot [39m[32m200[39m [90m1016 ms - 247860[39m
[38;5;0m[HTTP][0m [90m[39m
[38;5;0m[HTTP][0m [37m-->[39m [37mPOST[39m [37m/wd/hub/session/8c99dfdd-cc1b-4683-8843-38c002b8ef2e/context[39m
[38;5;0m[HTTP][0m [90m{"name":"NATIVE_APP"}[39m
[38;5;0m[HTTP][0m [37m<-- POST /wd/hub/session/8c99dfdd-cc1b-4683-8843-38c002b8ef2e/context [39m[32m200[39m [90m2 ms - 14[39m
[38;5;0m[HTTP][0m [90m[39m
[38;5;0m[HTTP][0m [37m-->[39m [37mPOST[39m [37m/wd/hub/session/8c99dfdd-cc1b-4683-8843-38c002b8ef2e/timeouts[39m
[38;5;0m[HTTP][0m [90m{"implicit":50}[39m
[38;5;0m[HTTP][0m [37m<-- POST /wd/hub/session/8c99dfdd-cc1b-4683-8843-38c002b8ef2e/timeouts [39m[32m200[39m [90m2 ms - 14[39m
[38;5;0m[HTTP][0m [90m[39m
[38;5;0m[HTTP][0m [37m-->[39m [37mGET[39m [37m/wd/hub/session/8c99dfdd-cc1b-4683-8843-38c002b8ef2e/window/rect[39m
[38;5;0m[HTTP][0m [90m{}[39m
[38;5;0m[HTTP][0m [37m<-- GET /wd/hub/session/8c99dfdd-cc1b-4683-8843-38c002b8ef2e/window/rect [39m[32m200[39m [90m13 ms - 50[39m
[38;5;0m[HTTP][0m [90m[39m
[38;5;0m[HTTP][0m [37m-->[39m [37mPOST[39m [37m/wd/hub/session/8c99dfdd-cc1b-4683-8843-38c002b8ef2e/elements[39m
[38;5;0m[HTTP][0m [90m{"using":"xpath","value":"//hierarchy/android.widget.FrameLayout[1]/android.widget.LinearLayout[1]/android.widget.FrameLayout[1]/android.widget.FrameLayout[1]/android.view.View[1]/android.view.View[1]/android.view.View[1]/android.view.View[1]/android.view.View[1]/android.widget.EditText[1]"}[39m
[38;5;0m[HTTP][0m [37m<-- POST /wd/hub/session/8c99dfdd-cc1b-4683-8843-38c002b8ef2e/elements [39m[32m200[39m [90m64 ms - 139[39m
[38;5;0m[HTTP][0m [90m[39m
[38;5;0m[HTTP][0m [37m-->[39m [37mGET[39m [37m/wd/hub/session/8c99dfdd-cc1b-4683-8843-38c002b8ef2e/element/00000000-0000-09df-0000-007800000003/location[39m
[38;5;0m[HTTP][0m [90m{}[39m
[38;5;48m[AndroidUiautomator2Driver@8813 (8c99dfdd)][0m Driver proxy active, passing request on via HTTP proxy
[38;5;48m[AndroidUiautomator2Driver@8813 (8c99dfdd)][0m Replacing sessionId 486a7a89-5b71-4c04-a996-4e7ce3a89122 with 8c99dfdd-cc1b-4683-8843-38c002b8ef2e
[38;5;0m[HTTP][0m [37m<-- GET /wd/hub/session/8c99dfdd-cc1b-4683-8843-38c002b8ef2e/element/00000000-0000-09df-0000-007800000003/location [39m[32m200[39m [90m17 ms - 78[39m
[38;5;0m[HTTP][0m [90m[39m
[38;5;0m[HTTP][0m [37m-->[39m [37mPOST[39m [37m/wd/hub/session/8c99dfdd-cc1b-4683-8843-38c002b8ef2e/timeouts[39m
[38;5;0m[HTTP][0m [90m{"implicit":30000}[39m
[38;5;0m[HTTP][0m [37m<-- POST /wd/hub/session/8c99dfdd-cc1b-4683-8843-38c002b8ef2e/timeouts [39m[32m200[39m [90m1 ms - 14[39m
[38;5;0m[HTTP][0m [90m[39m
[38;5;0m[HTTP][0m [37m-->[39m [37mPOST[39m [37m/wd/hub/session/8c99dfdd-cc1b-4683-8843-38c002b8ef2e/element/00000000-0000-09df-0000-007800000003/click[39m
[38;5;0m[HTTP][0m [90m{"id":"00000000-0000-09df-0000-007800000003"}[39m
[38;5;0m[HTTP][0m [37m<-- POST /wd/hub/session/8c99dfdd-cc1b-4683-8843-38c002b8ef2e/element/00000000-0000-09df-0000-007800000003/click [39m[32m200[39m [90m52 ms - 14[39m
[38;5;0m[HTTP][0m [90m[39m
[38;5;0m[HTTP][0m [37m-->[39m [37mPOST[39m [37m/wd/hub/session/8c99dfdd-cc1b-4683-8843-38c002b8ef2e/timeouts[39m
[38;5;0m[HTTP][0m [90m{"implicit":50}[39m
[38;5;0m[HTTP][0m [37m<-- POST /wd/hub/session/8c99dfdd-cc1b-4683-8843-38c002b8ef2e/timeouts [39m[32m200[39m [90m2 ms - 14[39m
[38;5;0m[HTTP][0m [90m[39m
[38;5;0m[HTTP][0m [37m-->[39m [37mGET[39m [37m/wd/hub/session/8c99dfdd-cc1b-4683-8843-38c002b8ef2e/window/rect[39m
[38;5;0m[HTTP][0m [90m{}[39m
[38;5;0m[HTTP][0m [37m<-- GET /wd/hub/session/8c99dfdd-cc1b-4683-8843-38c002b8ef2e/window/rect [39m[32m200[39m [90m17 ms - 50[39m
[38;5;0m[HTTP][0m [90m[39m
[38;5;0m[HTTP][0m [37m-->[39m [37mPOST[39m [37m/wd/hub/session/8c99dfdd-cc1b-4683-8843-38c002b8ef2e/elements[39m
[38;5;0m[HTTP][0m [90m{"using":"xpath","value":"//hierarchy/android.widget.FrameLayout[1]/android.widget.LinearLayout[1]/android.widget.FrameLayout[1]/android.widget.FrameLayout[1]/android.view.View[1]/android.view.View[1]/android.view.View[1]/android.view.View[1]/android.view.View[1]/android.widget.EditText[1]"}[39m
[38;5;0m[HTTP][0m [37m<-- POST /wd/hub/session/8c99dfdd-cc1b-4683-8843-38c002b8ef2e/elements [39m[32m200[39m [90m76 ms - 139[39m
[38;5;0m[HTTP][0m [90m[39m
[38;5;0m[HTTP][0m [37m-->[39m [37mGET[39m [37m/wd/hub/session/8c99dfdd-cc1b-4683-8843-38c002b8ef2e/element/00000000-0000-09df-0000-007800000003/location[39m
[38;5;0m[HTTP][0m [90m{}[39m
[38;5;48m[AndroidUiautomator2Driver@8813 (8c99dfdd)][0m Driver proxy active, passing request on via HTTP proxy
[38;5;48m[AndroidUiautomator2Driver@8813 (8c99dfdd)][0m Replacing sessionId 486a7a89-5b71-4c04-a996-4e7ce3a89122 with 8c99dfdd-cc1b-4683-8843-38c002b8ef2e
[38;5;0m[HTTP][0m [37m<-- GET /wd/hub/session/8c99dfdd-cc1b-4683-8843-38c002b8ef2e/element/00000000-0000-09df-0000-007800000003/location [39m[32m200[39m [90m458 ms - 78[39m
[38;5;0m[HTTP][0m [90m[39m
[38;5;0m[HTTP][0m [37m-->[39m [37mPOST[39m [37m/wd/hub/session/8c99dfdd-cc1b-4683-8843-38c002b8ef2e/timeouts[39m
[38;5;0m[HTTP][0m [90m{"implicit":30000}[39m
[38;5;0m[HTTP][0m [37m<-- POST /wd/hub/session/8c99dfdd-cc1b-4683-8843-38c002b8ef2e/timeouts [39m[32m200[39m [90m3 ms - 14[39m
[38;5;0m[HTTP][0m [90m[39m
[38;5;0m[HTTP][0m [37m-->[39m [37mPOST[39m [37m/wd/hub/session/8c99dfdd-cc1b-4683-8843-38c002b8ef2e/element/00000000-0000-09df-0000-007800000003/clear[39m
[38;5;0m[HTTP][0m [90m{"id":"00000000-0000-09df-0000-007800000003"}[39m
[38;5;0m[HTTP][0m [37m<-- POST /wd/hub/session/8c99dfdd-cc1b-4683-8843-38c002b8ef2e/element/00000000-0000-09df-0000-007800000003/clear [39m[32m200[39m [90m40 ms - 14[39m
[38;5;0m[HTTP][0m [90m[39m
[38;5;0m[HTTP][0m [37m-->[39m [37mPOST[39m [37m/wd/hub/session/8c99dfdd-cc1b-4683-8843-38c002b8ef2e/element/00000000-0000-09df-0000-007800000003/click[39m
[38;5;0m[HTTP][0m [90m{"id":"00000000-0000-09df-0000-007800000003"}[39m
[38;5;0m[HTTP][0m [37m<-- POST /wd/hub/session/8c99dfdd-cc1b-4683-8843-38c002b8ef2e/element/00000000-0000-09df-0000-007800000003/click [39m[32m200[39m [90m1016 ms - 14[39m
[38;5;0m[HTTP][0m [90m[39m
[38;5;0m[HTTP][0m [37m-->[39m [37mPOST[39m [37m/wd/hub/session/8c99dfdd-cc1b-4683-8843-38c002b8ef2e/element/00000000-0000-09df-0000-007800000003/value[39m
[38;5;0m[HTTP][0m [90m{"id":"00000000-0000-09df-0000-007800000003","text":"Tan Malaka","value":["T","a","n"," ","M","a","l","a","k","a"]}[39m
[38;5;0m[HTTP][0m [37m<-- POST /wd/hub/session/8c99dfdd-cc1b-4683-8843-38c002b8ef2e/element/00000000-0000-09df-0000-007800000003/value [39m[32m200[39m [90m33 ms - 14[39m
[38;5;0m[HTTP][0m [90m[39m
[38;5;0m[HTTP][0m [37m-->[39m [37mPOST[39m [37m/wd/hub/session/8c99dfdd-cc1b-4683-8843-38c002b8ef2e/timeouts[39m
[38;5;0m[HTTP][0m [90m{"implicit":50}[39m
[38;5;0m[HTTP][0m [37m<-- POST /wd/hub/session/8c99dfdd-cc1b-4683-8843-38c002b8ef2e/timeouts [39m[32m200[39m [90m2 ms - 14[39m
[38;5;0m[HTTP][0m [90m[39m
[38;5;0m[HTTP][0m [37m-->[39m [37mGET[39m [37m/wd/hub/session/8c99dfdd-cc1b-4683-8843-38c002b8ef2e/window/rect[39m
[38;5;0m[HTTP][0m [90m{}[39m
[38;5;0m[HTTP][0m [37m<-- GET /wd/hub/session/8c99dfdd-cc1b-4683-8843-38c002b8ef2e/window/rect [39m[32m200[39m [90m22 ms - 50[39m
[38;5;0m[HTTP][0m [90m[39m
[38;5;0m[HTTP][0m [37m-->[39m [37mPOST[39m [37m/wd/hub/session/8c99dfdd-cc1b-4683-8843-38c002b8ef2e/elements[39m
[38;5;0m[HTTP][0m [90m{"using":"xpath","value":"//hierarchy/android.widget.FrameLayout[1]/android.widget.LinearLayout[1]/android.widget.FrameLayout[1]/android.widget.FrameLayout[1]/android.view.View[1]/android.view.View[1]/android.view.View[1]/android.view.View[1]/android.view.View[1]/android.widget.EditText[2]"}[39m
[38;5;0m[HTTP][0m [37m<-- POST /wd/hub/session/8c99dfdd-cc1b-4683-8843-38c002b8ef2e/elements [39m[32m200[39m [90m882 ms - 139[39m
[38;5;0m[HTTP][0m [90m[39m
[38;5;0m[HTTP][0m [37m-->[39m [37mGET[39m [37m/wd/hub/session/8c99dfdd-cc1b-4683-8843-38c002b8ef2e/element/00000000-0000-09df-0000-007900000003/location[39m
[38;5;0m[HTTP][0m [90m{}[39m
[38;5;48m[AndroidUiautomator2Driver@8813 (8c99dfdd)][0m Driver proxy active, passing request on via HTTP proxy
[38;5;48m[AndroidUiautomator2Driver@8813 (8c99dfdd)][0m Replacing sessionId 486a7a89-5b71-4c04-a996-4e7ce3a89122 with 8c99dfdd-cc1b-4683-8843-38c002b8ef2e
[38;5;0m[HTTP][0m [37m<-- GET /wd/hub/session/8c99dfdd-cc1b-4683-8843-38c002b8ef2e/element/00000000-0000-09df-0000-007900000003/location [39m[32m200[39m [90m15 ms - 78[39m
[38;5;0m[HTTP][0m [90m[39m
[38;5;0m[HTTP][0m [37m-->[39m [37mPOST[39m [37m/wd/hub/session/8c99dfdd-cc1b-4683-8843-38c002b8ef2e/timeouts[39m
[38;5;0m[HTTP][0m [90m{"implicit":30000}[39m
[38;5;0m[HTTP][0m [37m<-- POST /wd/hub/session/8c99dfdd-cc1b-4683-8843-38c002b8ef2e/timeouts [39m[32m200[39m [90m1 ms - 14[39m
[38;5;0m[HTTP][0m [90m[39m
[38;5;0m[HTTP][0m [37m-->[39m [37mPOST[39m [37m/wd/hub/session/8c99dfdd-cc1b-4683-8843-38c002b8ef2e/element/00000000-0000-09df-0000-007900000003/click[39m
[38;5;0m[HTTP][0m [90m{"id":"00000000-0000-09df-0000-007900000003"}[39m
[38;5;0m[HTTP][0m [37m<-- POST /wd/hub/session/8c99dfdd-cc1b-4683-8843-38c002b8ef2e/element/00000000-0000-09df-0000-007900000003/click [39m[32m200[39m [90m37 ms - 14[39m
[38;5;0m[HTTP][0m [90m[39m
[38;5;0m[HTTP][0m [37m-->[39m [37mPOST[39m [37m/wd/hub/session/8c99dfdd-cc1b-4683-8843-38c002b8ef2e/timeouts[39m
[38;5;0m[HTTP][0m [90m{"implicit":50}[39m
[38;5;0m[HTTP][0m [37m<-- POST /wd/hub/session/8c99dfdd-cc1b-4683-8843-38c002b8ef2e/timeouts [39m[32m200[39m [90m3 ms - 14[39m
[38;5;0m[HTTP][0m [90m[39m
[38;5;0m[HTTP][0m [37m-->[39m [37mGET[39m [37m/wd/hub/session/8c99dfdd-cc1b-4683-8843-38c002b8ef2e/window/rect[39m
[38;5;0m[HTTP][0m [90m{}[39m
[38;5;0m[HTTP][0m [37m<-- GET /wd/hub/session/8c99dfdd-cc1b-4683-8843-38c002b8ef2e/window/rect [39m[32m200[39m [90m15 ms - 50[39m
[38;5;0m[HTTP][0m [90m[39m
[38;5;0m[HTTP][0m [37m-->[39m [37mPOST[39m [37m/wd/hub/session/8c99dfdd-cc1b-4683-8843-38c002b8ef2e/elements[39m
[38;5;0m[HTTP][0m [90m{"using":"xpath","value":"//hierarchy/android.widget.FrameLayout[1]/android.widget.LinearLayout[1]/android.widget.FrameLayout[1]/android.widget.FrameLayout[1]/android.view.View[1]/android.view.View[1]/android.view.View[1]/android.view.View[1]/android.view.View[1]/android.widget.EditText[2]"}[39m
[38;5;0m[HTTP][0m [37m<-- POST /wd/hub/session/8c99dfdd-cc1b-4683-8843-38c002b8ef2e/elements [39m[32m200[39m [90m568 ms - 139[39m
[38;5;0m[HTTP][0m [90m[39m
[38;5;0m[HTTP][0m [37m-->[39m [37mGET[39m [37m/wd/hub/session/8c99dfdd-cc1b-4683-8843-38c002b8ef2e/element/00000000-0000-09df-0000-007900000003/location[39m
[38;5;0m[HTTP][0m [90m{}[39m
[38;5;48m[AndroidUiautomator2Driver@8813 (8c99dfdd)][0m Driver proxy active, passing request on via HTTP proxy
[38;5;48m[AndroidUiautomator2Driver@8813 (8c99dfdd)][0m Replacing sessionId 486a7a89-5b71-4c04-a996-4e7ce3a89122 with 8c99dfdd-cc1b-4683-8843-38c002b8ef2e
[38;5;0m[HTTP][0m [37m<-- GET /wd/hub/session/8c99dfdd-cc1b-4683-8843-38c002b8ef2e/element/00000000-0000-09df-0000-007900000003/location [39m[32m200[39m [90m16 ms - 78[39m
[38;5;0m[HTTP][0m [90m[39m
[38;5;0m[HTTP][0m [37m-->[39m [37mPOST[39m [37m/wd/hub/session/8c99dfdd-cc1b-4683-8843-38c002b8ef2e/timeouts[39m
[38;5;0m[HTTP][0m [90m{"implicit":30000}[39m
[38;5;0m[HTTP][0m [37m<-- POST /wd/hub/session/8c99dfdd-cc1b-4683-8843-38c002b8ef2e/timeouts [39m[32m200[39m [90m1 ms - 14[39m
[38;5;0m[HTTP][0m [90m[39m
[38;5;0m[HTTP][0m [37m-->[39m [37mPOST[39m [37m/wd/hub/session/8c99dfdd-cc1b-4683-8843-38c002b8ef2e/element/00000000-0000-09df-0000-007900000003/clear[39m
[38;5;0m[HTTP][0m [90m{"id":"00000000-0000-09df-0000-007900000003"}[39m
[38;5;0m[HTTP][0m [37m<-- POST /wd/hub/session/8c99dfdd-cc1b-4683-8843-38c002b8ef2e/element/00000000-0000-09df-0000-007900000003/clear [39m[32m200[39m [90m14 ms - 14[39m
[38;5;0m[HTTP][0m [90m[39m
[38;5;0m[HTTP][0m [37m-->[39m [37mPOST[39m [37m/wd/hub/session/8c99dfdd-cc1b-4683-8843-38c002b8ef2e/element/00000000-0000-09df-0000-007900000003/click[39m
[38;5;0m[HTTP][0m [90m{"id":"00000000-0000-09df-0000-007900000003"}[39m
[38;5;0m[HTTP][0m [37m<-- POST /wd/hub/session/8c99dfdd-cc1b-4683-8843-38c002b8ef2e/element/00000000-0000-09df-0000-007900000003/click [39m[32m200[39m [90m44 ms - 14[39m
[38;5;0m[HTTP][0m [90m[39m
[38;5;0m[HTTP][0m [37m-->[39m [37mPOST[39m [37m/wd/hub/session/8c99dfdd-cc1b-4683-8843-38c002b8ef2e/element/00000000-0000-09df-0000-007900000003/value[39m
[38;5;0m[HTTP][0m [90m{"id":"00000000-0000-09df-0000-007900000003","text":"TMK","value":["T","M","K"]}[39m
[38;5;0m[HTTP][0m [37m<-- POST /wd/hub/session/8c99dfdd-cc1b-4683-8843-38c002b8ef2e/element/00000000-0000-09df-0000-007900000003/value [39m[32m200[39m [90m30 ms - 14[39m
[38;5;0m[HTTP][0m [90m[39m
[38;5;0m[HTTP][0m [37m-->[39m [37mPOST[39m [37m/wd/hub/session/8c99dfdd-cc1b-4683-8843-38c002b8ef2e/timeouts[39m
[38;5;0m[HTTP][0m [90m{"implicit":50}[39m
[38;5;0m[HTTP][0m [37m<-- POST /wd/hub/session/8c99dfdd-cc1b-4683-8843-38c002b8ef2e/timeouts [39m[32m200[39m [90m2 ms - 14[39m
[38;5;0m[HTTP][0m [90m[39m
[38;5;0m[HTTP][0m [37m-->[39m [37mGET[39m [37m/wd/hub/session/8c99dfdd-cc1b-4683-8843-38c002b8ef2e/window/rect[39m
[38;5;0m[HTTP][0m [90m{}[39m
[38;5;0m[HTTP][0m [37m<-- GET /wd/hub/session/8c99dfdd-cc1b-4683-8843-38c002b8ef2e/window/rect [39m[32m200[39m [90m14 ms - 50[39m
[38;5;0m[HTTP][0m [90m[39m
[38;5;0m[HTTP][0m [37m-->[39m [37mPOST[39m [37m/wd/hub/session/8c99dfdd-cc1b-4683-8843-38c002b8ef2e/elements[39m
[38;5;0m[HTTP][0m [90m{"using":"xpath","value":"//hierarchy/android.widget.FrameLayout[1]/android.widget.LinearLayout[1]/android.widget.FrameLayout[1]/android.widget.FrameLayout[1]/android.view.View[1]/android.view.View[1]/android.view.View[1]/android.view.View[1]/android.view.View[1]/android.widget.ImageView[1]"}[39m
[38;5;0m[HTTP][0m [37m<-- POST /wd/hub/session/8c99dfdd-cc1b-4683-8843-38c002b8ef2e/elements [39m[32m200[39m [90m607 ms - 139[39m
[38;5;0m[HTTP][0m [90m[39m
[38;5;0m[HTTP][0m [37m-->[39m [37mGET[39m [37m/wd/hub/session/8c99dfdd-cc1b-4683-8843-38c002b8ef2e/element/00000000-0000-09df-0000-007c00000003/location[39m
[38;5;0m[HTTP][0m [90m{}[39m
[38;5;48m[AndroidUiautomator2Driver@8813 (8c99dfdd)][0m Driver proxy active, passing request on via HTTP proxy
[38;5;48m[AndroidUiautomator2Driver@8813 (8c99dfdd)][0m Replacing sessionId 486a7a89-5b71-4c04-a996-4e7ce3a89122 with 8c99dfdd-cc1b-4683-8843-38c002b8ef2e
[38;5;0m[HTTP][0m [37m<-- GET /wd/hub/session/8c99dfdd-cc1b-4683-8843-38c002b8ef2e/element/00000000-0000-09df-0000-007c00000003/location [39m[32m200[39m [90m14 ms - 78[39m
[38;5;0m[HTTP][0m [90m[39m
[38;5;0m[HTTP][0m [37m-->[39m [37mPOST[39m [37m/wd/hub/session/8c99dfdd-cc1b-4683-8843-38c002b8ef2e/timeouts[39m
[38;5;0m[HTTP][0m [90m{"implicit":30000}[39m
[38;5;0m[HTTP][0m [37m<-- POST /wd/hub/session/8c99dfdd-cc1b-4683-8843-38c002b8ef2e/timeouts [39m[32m200[39m [90m1 ms - 14[39m
[38;5;0m[HTTP][0m [90m[39m
[38;5;0m[HTTP][0m [37m-->[39m [37mPOST[39m [37m/wd/hub/session/8c99dfdd-cc1b-4683-8843-38c002b8ef2e/element/00000000-0000-09df-0000-007c00000003/click[39m
[38;5;0m[HTTP][0m [90m{"id":"00000000-0000-09df-0000-007c00000003"}[39m
[38;5;0m[HTTP][0m [37m<-- POST /wd/hub/session/8c99dfdd-cc1b-4683-8843-38c002b8ef2e/element/00000000-0000-09df-0000-007c00000003/click [39m[32m200[39m [90m45 ms - 14[39m
[38;5;0m[HTTP][0m [90m[39m
[38;5;0m[HTTP][0m [37m-->[39m [37mPOST[39m [37m/wd/hub/session/8c99dfdd-cc1b-4683-8843-38c002b8ef2e/timeouts[39m
[38;5;0m[HTTP][0m [90m{"implicit":50}[39m
[38;5;0m[HTTP][0m [37m<-- POST /wd/hub/session/8c99dfdd-cc1b-4683-8843-38c002b8ef2e/timeouts [39m[32m200[39m [90m2 ms - 14[39m
[38;5;0m[HTTP][0m [90m[39m
[38;5;0m[HTTP][0m [37m-->[39m [37mGET[39m [37m/wd/hub/session/8c99dfdd-cc1b-4683-8843-38c002b8ef2e/window/rect[39m
[38;5;0m[HTTP][0m [90m{}[39m
[38;5;0m[HTTP][0m [37m<-- GET /wd/hub/session/8c99dfdd-cc1b-4683-8843-38c002b8ef2e/window/rect [39m[32m200[39m [90m17 ms - 50[39m
[38;5;0m[HTTP][0m [90m[39m
[38;5;0m[HTTP][0m [37m-->[39m [37mPOST[39m [37m/wd/hub/session/8c99dfdd-cc1b-4683-8843-38c002b8ef2e/elements[39m
[38;5;0m[HTTP][0m [90m{"using":"accessibility id","value":"Commercial"}[39m
[38;5;0m[HTTP][0m [37m<-- POST /wd/hub/session/8c99dfdd-cc1b-4683-8843-38c002b8ef2e/elements [39m[32m200[39m [90m1138 ms - 139[39m
[38;5;0m[HTTP][0m [90m[39m
[38;5;0m[HTTP][0m [37m-->[39m [37mGET[39m [37m/wd/hub/session/8c99dfdd-cc1b-4683-8843-38c002b8ef2e/element/00000000-0000-09df-0000-008100000003/location[39m
[38;5;0m[HTTP][0m [90m{}[39m
[38;5;48m[AndroidUiautomator2Driver@8813 (8c99dfdd)][0m Driver proxy active, passing request on via HTTP proxy
[38;5;48m[AndroidUiautomator2Driver@8813 (8c99dfdd)][0m Replacing sessionId 486a7a89-5b71-4c04-a996-4e7ce3a89122 with 8c99dfdd-cc1b-4683-8843-38c002b8ef2e
[38;5;0m[HTTP][0m [37m<-- GET /wd/hub/session/8c99dfdd-cc1b-4683-8843-38c002b8ef2e/element/00000000-0000-09df-0000-008100000003/location [39m[32m200[39m [90m15 ms - 78[39m
[38;5;0m[HTTP][0m [90m[39m
[38;5;0m[HTTP][0m [37m-->[39m [37mPOST[39m [37m/wd/hub/session/8c99dfdd-cc1b-4683-8843-38c002b8ef2e/timeouts[39m
[38;5;0m[HTTP][0m [90m{"implicit":30000}[39m
[38;5;0m[HTTP][0m [37m<-- POST /wd/hub/session/8c99dfdd-cc1b-4683-8843-38c002b8ef2e/timeouts [39m[32m200[39m [90m1 ms - 14[39m
[38;5;0m[HTTP][0m [90m[39m
[38;5;0m[HTTP][0m [37m-->[39m [37mPOST[39m [37m/wd/hub/session/8c99dfdd-cc1b-4683-8843-38c002b8ef2e/element/00000000-0000-09df-0000-008100000003/click[39m
[38;5;0m[HTTP][0m [90m{"id":"00000000-0000-09df-0000-008100000003"}[39m
[38;5;0m[HTTP][0m [37m<-- POST /wd/hub/session/8c99dfdd-cc1b-4683-8843-38c002b8ef2e/element/00000000-0000-09df-0000-008100000003/click [39m[32m200[39m [90m45 ms - 14[39m
[38;5;0m[HTTP][0m [90m[39m
[38;5;0m[HTTP][0m [37m-->[39m [37mPOST[39m [37m/wd/hub/session/8c99dfdd-cc1b-4683-8843-38c002b8ef2e/timeouts[39m
[38;5;0m[HTTP][0m [90m{"implicit":50}[39m
[38;5;0m[HTTP][0m [37m<-- POST /wd/hub/session/8c99dfdd-cc1b-4683-8843-38c002b8ef2e/timeouts [39m[32m200[39m [90m1 ms - 14[39m
[38;5;0m[HTTP][0m [90m[39m
[38;5;0m[HTTP][0m [37m-->[39m [37mGET[39m [37m/wd/hub/session/8c99dfdd-cc1b-4683-8843-38c002b8ef2e/window/rect[39m
[38;5;0m[HTTP][0m [90m{}[39m
[38;5;0m[HTTP][0m [37m<-- GET /wd/hub/session/8c99dfdd-cc1b-4683-8843-38c002b8ef2e/window/rect [39m[32m200[39m [90m9 ms - 50[39m
[38;5;0m[HTTP][0m [90m[39m
[38;5;0m[HTTP][0m [37m-->[39m [37mPOST[39m [37m/wd/hub/session/8c99dfdd-cc1b-4683-8843-38c002b8ef2e/elements[39m
[38;5;0m[HTTP][0m [90m{"using":"accessibility id","value":"Create"}[39m
[38;5;0m[HTTP][0m [37m<-- POST /wd/hub/session/8c99dfdd-cc1b-4683-8843-38c002b8ef2e/elements [39m[32m200[39m [90m17 ms - 139[39m
[38;5;0m[HTTP][0m [90m[39m
[38;5;0m[HTTP][0m [37m-->[39m [37mGET[39m [37m/wd/hub/session/8c99dfdd-cc1b-4683-8843-38c002b8ef2e/element/00000000-0000-09df-0000-007b00000003/location[39m
[38;5;0m[HTTP][0m [90m{}[39m
[38;5;48m[AndroidUiautomator2Driver@8813 (8c99dfdd)][0m Driver proxy active, passing request on via HTTP proxy
[38;5;48m[AndroidUiautomator2Driver@8813 (8c99dfdd)][0m Replacing sessionId 486a7a89-5b71-4c04-a996-4e7ce3a89122 with 8c99dfdd-cc1b-4683-8843-38c002b8ef2e
[38;5;0m[HTTP][0m [37m<-- GET /wd/hub/session/8c99dfdd-cc1b-4683-8843-38c002b8ef2e/element/00000000-0000-09df-0000-007b00000003/location [39m[32m200[39m [90m14 ms - 79[39m
[38;5;0m[HTTP][0m [90m[39m
[38;5;0m[HTTP][0m [37m-->[39m [37mPOST[39m [37m/wd/hub/session/8c99dfdd-cc1b-4683-8843-38c002b8ef2e/timeouts[39m
[38;5;0m[HTTP][0m [90m{"implicit":30000}[39m
[38;5;0m[HTTP][0m [37m<-- POST /wd/hub/session/8c99dfdd-cc1b-4683-8843-38c002b8ef2e/timeouts [39m[32m200[39m [90m1 ms - 14[39m
[38;5;0m[HTTP][0m [90m[39m
[38;5;0m[HTTP][0m [37m-->[39m [37mPOST[39m [37m/wd/hub/session/8c99dfdd-cc1b-4683-8843-38c002b8ef2e/element/00000000-0000-09df-0000-007b00000003/click[39m
[38;5;0m[HTTP][0m [90m{"id":"00000000-0000-09df-0000-007b00000003"}[39m
[38;5;0m[HTTP][0m [37m<-- POST /wd/hub/session/8c99dfdd-cc1b-4683-8843-38c002b8ef2e/element/00000000-0000-09df-0000-007b00000003/click [39m[32m200[39m [90m50 ms - 14[39m
[38;5;0m[HTTP][0m [90m[39m
[38;5;0m[HTTP][0m [37m-->[39m [37mPOST[39m [37m/wd/hub/session/8c99dfdd-cc1b-4683-8843-38c002b8ef2e/timeouts[39m
[38;5;0m[HTTP][0m [90m{"implicit":50}[39m
[38;5;0m[HTTP][0m [37m<-- POST /wd/hub/session/8c99dfdd-cc1b-4683-8843-38c002b8ef2e/timeouts [39m[32m200[39m [90m3 ms - 14[39m
[38;5;0m[HTTP][0m [90m[39m
[38;5;0m[HTTP][0m [37m-->[39m [37mGET[39m [37m/wd/hub/session/8c99dfdd-cc1b-4683-8843-38c002b8ef2e/window/rect[39m
[38;5;0m[HTTP][0m [90m{}[39m
[38;5;0m[HTTP][0m [37m<-- GET /wd/hub/session/8c99dfdd-cc1b-4683-8843-38c002b8ef2e/window/rect [39m[32m200[39m [90m19 ms - 50[39m
[38;5;0m[HTTP][0m [90m[39m
[38;5;0m[HTTP][0m [37m-->[39m [37mPOST[39m [37m/wd/hub/session/8c99dfdd-cc1b-4683-8843-38c002b8ef2e/elements[39m
[38;5;0m[HTTP][0m [90m{"using":"accessibility id","value":"Data saved successfully."}[39m
[38;5;0m[HTTP][0m [37m<-- POST /wd/hub/session/8c99dfdd-cc1b-4683-8843-38c002b8ef2e/elements [39m[32m200[39m [90m852 ms - 139[39m
[38;5;0m[HTTP][0m [90m[39m
[38;5;0m[HTTP][0m [37m-->[39m [37mGET[39m [37m/wd/hub/session/8c99dfdd-cc1b-4683-8843-38c002b8ef2e/element/00000000-0000-09df-0000-008c00000003/location[39m
[38;5;0m[HTTP][0m [90m{}[39m
[38;5;48m[AndroidUiautomator2Driver@8813 (8c99dfdd)][0m Driver proxy active, passing request on via HTTP proxy
[38;5;48m[AndroidUiautomator2Driver@8813 (8c99dfdd)][0m Replacing sessionId 486a7a89-5b71-4c04-a996-4e7ce3a89122 with 8c99dfdd-cc1b-4683-8843-38c002b8ef2e
[38;5;0m[HTTP][0m [37m<-- GET /wd/hub/session/8c99dfdd-cc1b-4683-8843-38c002b8ef2e/element/00000000-0000-09df-0000-008c00000003/location [39m[32m200[39m [90m15 ms - 78[39m
[38;5;0m[HTTP][0m [90m[39m
[38;5;0m[HTTP][0m [37m-->[39m [37mPOST[39m [37m/wd/hub/session/8c99dfdd-cc1b-4683-8843-38c002b8ef2e/timeouts[39m
[38;5;0m[HTTP][0m [90m{"implicit":30000}[39m
[38;5;0m[HTTP][0m [37m<-- POST /wd/hub/session/8c99dfdd-cc1b-4683-8843-38c002b8ef2e/timeouts [39m[32m200[39m [90m1 ms - 14[39m
[38;5;0m[HTTP][0m [90m[39m
[38;5;0m[HTTP][0m [37m-->[39m [37mGET[39m [37m/wd/hub/session/8c99dfdd-cc1b-4683-8843-38c002b8ef2e/context[39m
[38;5;0m[HTTP][0m [90m{}[39m
[38;5;0m[HTTP][0m [37m<-- GET /wd/hub/session/8c99dfdd-cc1b-4683-8843-38c002b8ef2e/context [39m[32m200[39m [90m1 ms - 22[39m
[38;5;0m[HTTP][0m [90m[39m
[38;5;0m[HTTP][0m [37m-->[39m [37mGET[39m [37m/wd/hub/session/8c99dfdd-cc1b-4683-8843-38c002b8ef2e/contexts[39m
[38;5;0m[HTTP][0m [90m{}[39m
[38;5;0m[HTTP][0m [37m<-- GET /wd/hub/session/8c99dfdd-cc1b-4683-8843-38c002b8ef2e/contexts [39m[32m200[39m [90m63 ms - 24[39m
[38;5;0m[HTTP][0m [90m[39m
[38;5;0m[HTTP][0m [37m-->[39m [37mPOST[39m [37m/wd/hub/session/8c99dfdd-cc1b-4683-8843-38c002b8ef2e/context[39m
[38;5;0m[HTTP][0m [90m{"name":"NATIVE_APP"}[39m
[38;5;0m[HTTP][0m [37m<-- POST /wd/hub/session/8c99dfdd-cc1b-4683-8843-38c002b8ef2e/context [39m[32m200[39m [90m1 ms - 14[39m
[38;5;0m[HTTP][0m [90m[39m
[38;5;0m[HTTP][0m [37m-->[39m [37mGET[39m [37m/wd/hub/session/8c99dfdd-cc1b-4683-8843-38c002b8ef2e/screenshot[39m
[38;5;0m[HTTP][0m [90m{}[39m
[38;5;0m[HTTP][0m [37m<-- GET /wd/hub/session/8c99dfdd-cc1b-4683-8843-38c002b8ef2e/screenshot [39m[32m200[39m [90m420 ms - 243952[39m
[38;5;0m[HTTP][0m [90m[39m
[38;5;0m[HTTP][0m [37m-->[39m [37mPOST[39m [37m/wd/hub/session/8c99dfdd-cc1b-4683-8843-38c002b8ef2e/context[39m
[38;5;0m[HTTP][0m [90m{"name":"NATIVE_APP"}[39m
[38;5;0m[HTTP][0m [37m<-- POST /wd/hub/session/8c99dfdd-cc1b-4683-8843-38c002b8ef2e/context [39m[32m200[39m [90m1 ms - 14[39m
[38;5;0m[HTTP][0m [90m[39m
[38;5;0m[HTTP][0m [37m-->[39m [37mDELETE[39m [37m/wd/hub/session/8c99dfdd-cc1b-4683-8843-38c002b8ef2e[39m
[38;5;0m[HTTP][0m [90m{}[39m
[38;5;16m[AppiumDriver@8460][0m Removing session 8c99dfdd-cc1b-4683-8843-38c002b8ef2e from our master session list
[38;5;64m[ADB][0m id.indocyber.kaf.mma was successfully uninstalled
[38;5;48m[AndroidUiautomator2Driver@8813 (8c99dfdd)][0m Restoring hidden api policy to the device default configuration
[38;5;0m[HTTP][0m [37m<-- DELETE /wd/hub/session/8c99dfdd-cc1b-4683-8843-38c002b8ef2e [39m[32m200[39m [90m1237 ms - 14[39m
[38;5;0m[HTTP][0m [90m[39m
