[35m[Appium][39m Welcome to Appium v2.5.1
[35m[Appium][39m Non-default server args:
[35m[Appium][39m { basePath: [32m'/wd/hub'[39m, loglevel: [32m'info'[39m, port: [33m56747[39m }
[35m[Appium][39m Attempting to load driver uiautomator2...
[35m[Appium][39m Appium REST http interface listener started on http://0.0.0.0:56747/wd/hub
[35m[Appium][39m You can provide the following URLs in your client code to connect to this server:
[35m[Appium][39m 	http://192.168.100.139:56747/wd/hub
[35m[Appium][39m 	http://127.0.0.1:56747/wd/hub (only accessible from the same host)
[35m[Appium][39m Available drivers:
[35m[Appium][39m   - uiautomator2@2.29.10 (automationName 'UiAutomator2')
[35m[Appium][39m No plugins have been installed. Use the "appium plugin" command to install the one(s) you want to use.
[38;5;0m[HTTP][0m [37m-->[39m [37mGET[39m [37m/wd/hub/status[39m
[38;5;0m[HTTP][0m [90m{}[39m
[38;5;0m[HTTP][0m [37m<-- GET /wd/hub/status [39m[32m200[39m [90m10 ms - 110[39m
[38;5;0m[HTTP][0m [90m[39m
[38;5;0m[HTTP][0m [37m-->[39m [37mPOST[39m [37m/wd/hub/session[39m
[38;5;0m[HTTP][0m [90m{"desiredCapabilities":{"appium:systemPort":56745,"appium:newCommandTimeout":1800,"appium:automationName":"uiautomator2","appium:fullReset":true,"appium:platformVersion":"13","appium:noReset":false,"appium:udid":"emulator-5554","appium:autoGrantPermissions":true,"appium:platformName":"ANDROID","appium:deviceName":"emulator-5554 (sdk_gphone64_x86_64 - Android 13)","platformName":"Android","appium:app":"C:\\Users\\1556\\Documents\\Tools\\iglo_msa_v2.apk"},"capabilities":{"firstMatch":[{"appium:app":"C:\\Users\\1556\\Documents\\Tools\\iglo_msa_v2.apk","appium:autoGrantPermissions":true,"appium:automationName":"uiautomator2","appium:deviceName":"emulator-5554 (sdk_gphone64_x86_64 - Android 13)","appium:fullReset":true,"appium:newCommandTimeout":1800,"appium:noReset":false,"appium:platformName":"ANDROID","appium:platformVersion":"13","appium:systemPort":56745,"appium:udid":"emulator-5554","platformName":"android"}]}}[39m
[38;5;32m[BaseDriver][0m Ignoring capability 'appium:platformName=ANDROID' and using capability 'platformName=android'
[38;5;32m[BaseDriver][0m The capabilities ["platformName"] are standard capabilities and do not require "appium:" prefix
[35m[Appium][39m Attempting to find matching driver for automationName 'uiautomator2' and platformName 'android'
[35m[Appium][39m The 'uiautomator2' driver was installed and matched caps.
[35m[Appium][39m Will require it at C:\Users\1556\.appium\node_modules\appium-uiautomator2-driver
[38;5;16m[AppiumDriver@bbee][0m Appium v2.5.1 creating new AndroidUiautomator2Driver (v2.29.10) session
[38;5;16m[AppiumDriver@bbee][0m Checking BaseDriver versions for Appium and AndroidUiautomator2Driver
[38;5;16m[AppiumDriver@bbee][0m Appium's BaseDriver version is 9.5.2
[38;5;16m[AppiumDriver@bbee][0m AndroidUiautomator2Driver's BaseDriver version is 9.5.2
[38;5;48m[AndroidUiautomator2Driver@9fd2][0m The following provided capabilities were not recognized by this driver:
[38;5;48m[AndroidUiautomator2Driver@9fd2][0m   deviceName
[38;5;48m[AndroidUiautomator2Driver@9fd2 (140e4dc1)][0m Session created with session id: 140e4dc1-a48f-4113-84a5-5ce2b698b4a5
[38;5;32m[BaseDriver][0m Using local app 'C:\Users\1556\Documents\Tools\iglo_msa_v2.apk'
[38;5;64m[ADB][0m Found 32 'build-tools' folders under 'C:\Users\1556\AppData\Local\Android\android-sdk' (newest first):
[38;5;64m[ADB][0m     C:\Users\1556\AppData\Local\Android\android-sdk\build-tools\34.0.0
[38;5;64m[ADB][0m     C:\Users\1556\AppData\Local\Android\android-sdk\build-tools\29.0.3
[38;5;64m[ADB][0m     C:\Users\1556\AppData\Local\Android\android-sdk\build-tools\29.0.2
[38;5;64m[ADB][0m     C:\Users\1556\AppData\Local\Android\android-sdk\build-tools\29.0.1
[38;5;64m[ADB][0m     C:\Users\1556\AppData\Local\Android\android-sdk\build-tools\29.0.0
[38;5;64m[ADB][0m     C:\Users\1556\AppData\Local\Android\android-sdk\build-tools\28.0.3
[38;5;64m[ADB][0m     C:\Users\1556\AppData\Local\Android\android-sdk\build-tools\28.0.2
[38;5;64m[ADB][0m     C:\Users\1556\AppData\Local\Android\android-sdk\build-tools\28.0.1
[38;5;64m[ADB][0m     C:\Users\1556\AppData\Local\Android\android-sdk\build-tools\28.0.0
[38;5;64m[ADB][0m     C:\Users\1556\AppData\Local\Android\android-sdk\build-tools\27.0.3
[38;5;64m[ADB][0m     C:\Users\1556\AppData\Local\Android\android-sdk\build-tools\27.0.2
[38;5;64m[ADB][0m     C:\Users\1556\AppData\Local\Android\android-sdk\build-tools\27.0.1
[38;5;64m[ADB][0m     C:\Users\1556\AppData\Local\Android\android-sdk\build-tools\27.0.0
[38;5;64m[ADB][0m     C:\Users\1556\AppData\Local\Android\android-sdk\build-tools\26.0.3
[38;5;64m[ADB][0m     C:\Users\1556\AppData\Local\Android\android-sdk\build-tools\26.0.2
[38;5;64m[ADB][0m     C:\Users\1556\AppData\Local\Android\android-sdk\build-tools\26.0.1
[38;5;64m[ADB][0m     C:\Users\1556\AppData\Local\Android\android-sdk\build-tools\26.0.0
[38;5;64m[ADB][0m     C:\Users\1556\AppData\Local\Android\android-sdk\build-tools\25.0.3
[38;5;64m[ADB][0m     C:\Users\1556\AppData\Local\Android\android-sdk\build-tools\25.0.2
[38;5;64m[ADB][0m     C:\Users\1556\AppData\Local\Android\android-sdk\build-tools\25.0.1
[38;5;64m[ADB][0m     C:\Users\1556\AppData\Local\Android\android-sdk\build-tools\25.0.0
[38;5;64m[ADB][0m     C:\Users\1556\AppData\Local\Android\android-sdk\build-tools\24.0.3
[38;5;64m[ADB][0m     C:\Users\1556\AppData\Local\Android\android-sdk\build-tools\24.0.2
[38;5;64m[ADB][0m     C:\Users\1556\AppData\Local\Android\android-sdk\build-tools\24.0.1
[38;5;64m[ADB][0m     C:\Users\1556\AppData\Local\Android\android-sdk\build-tools\24.0.0
[38;5;64m[ADB][0m     C:\Users\1556\AppData\Local\Android\android-sdk\build-tools\23.0.3
[38;5;64m[ADB][0m     C:\Users\1556\AppData\Local\Android\android-sdk\build-tools\23.0.2
[38;5;64m[ADB][0m     C:\Users\1556\AppData\Local\Android\android-sdk\build-tools\23.0.1
[38;5;64m[ADB][0m     C:\Users\1556\AppData\Local\Android\android-sdk\build-tools\22.0.1
[38;5;64m[ADB][0m     C:\Users\1556\AppData\Local\Android\android-sdk\build-tools\21.1.2
[38;5;64m[ADB][0m     C:\Users\1556\AppData\Local\Android\android-sdk\build-tools\20.0.0
[38;5;64m[ADB][0m     C:\Users\1556\AppData\Local\Android\android-sdk\build-tools\19.1.0
[38;5;64m[ADB][0m Using 'adb.exe' from 'C:\Users\1556\AppData\Local\Android\android-sdk\platform-tools\adb.exe'
[38;5;80m[AndroidDriver][0m Retrieving device list
[38;5;80m[AndroidDriver][0m Using device: emulator-5554
[38;5;64m[ADB][0m Using 'adb.exe' from 'C:\Users\1556\AppData\Local\Android\android-sdk\platform-tools\adb.exe'
[38;5;64m[ADB][0m Getting device platform version
[38;5;48m[AndroidUiautomator2Driver@9fd2 (140e4dc1)][0m Relaxing hidden api policy
[38;5;64m[ADB][0m Package name: 'id.indocyber.kaf.mma'
[38;5;64m[ADB][0m Main activity name: 'id.indocyber.kaf.mma.MainActivity'
[38;5;64m[ADB][0m Using 'apksigner.jar' from 'C:\Users\1556\AppData\Local\Android\android-sdk\build-tools\34.0.0\lib\apksigner.jar'
[38;5;64m[ADB][0m 'C:\Users\1556\.appium\node_modules\appium-uiautomator2-driver\node_modules\appium-uiautomator2-server\apks\appium-uiautomator2-server-debug-androidTest.apk' is signed with the default certificate
[38;5;64m[ADB][0m 'C:\Users\1556\.appium\node_modules\appium-uiautomator2-driver\node_modules\appium-uiautomator2-server\apks\appium-uiautomator2-server-v5.12.6.apk' is signed with the default certificate
[38;5;48m[AndroidUiautomator2Driver@9fd2 (140e4dc1)][0m Server packages are not going to be (re)installed
[38;5;64m[ADB][0m Adding packages ["io.appium.settings","io.appium.uiautomator2.server","io.appium.uiautomator2.server.test"] to Doze whitelist
[38;5;64m[ADB][0m 'C:\Users\1556\Documents\Tools\iglo_msa_v2.apk' is signed with a non-default certificate
[38;5;64m[ADB][0m id.indocyber.kaf.mma was successfully uninstalled
[38;5;64m[ADB][0m The application at 'C:\Users\1556\Documents\Tools\iglo_msa_v2.apk' will not be cached, because the device under test has confirmed the support of streamed installs
[38;5;64m[ADB][0m The installation of 'iglo_msa_v2.apk' took 5774ms
[38;5;48m[AndroidUiautomator2Driver@9fd2 (140e4dc1)][0m Starting UIAutomator2 server 5.12.6
[38;5;48m[AndroidUiautomator2Driver@9fd2 (140e4dc1)][0m Using UIAutomator2 server from 'C:\Users\1556\.appium\node_modules\appium-uiautomator2-driver\node_modules\appium-uiautomator2-server\apks\appium-uiautomator2-server-v5.12.6.apk' and test from 'C:\Users\1556\.appium\node_modules\appium-uiautomator2-driver\node_modules\appium-uiautomator2-server\apks\appium-uiautomator2-server-debug-androidTest.apk'
[38;5;48m[AndroidUiautomator2Driver@9fd2 (140e4dc1)][0m Waiting up to 30000ms for UiAutomator2 to be online...
[38;5;48m[AndroidUiautomator2Driver@9fd2 (140e4dc1)][0m socket hang up
[38;5;48m[AndroidUiautomator2Driver@9fd2 (140e4dc1)][0m socket hang up
[38;5;48m[AndroidUiautomator2Driver@9fd2 (140e4dc1)][0m socket hang up
[38;5;48m[AndroidUiautomator2Driver@9fd2 (140e4dc1)][0m socket hang up
[38;5;48m[AndroidUiautomator2Driver@9fd2 (140e4dc1)][0m socket hang up
[38;5;48m[AndroidUiautomator2Driver@9fd2 (140e4dc1)][0m Determined the downstream protocol as 'W3C'
[38;5;80m[AndroidDriver][0m Screen already unlocked, doing nothing
[38;5;48m[AndroidUiautomator2Driver@9fd2 (140e4dc1)][0m Starting 'id.indocyber.kaf.mma/id.indocyber.kaf.mma.MainActivity and waiting for 'id.indocyber.kaf.mma/id.indocyber.kaf.mma.MainActivity'
[38;5;16m[AppiumDriver@bbee][0m New AndroidUiautomator2Driver session created successfully, session 140e4dc1-a48f-4113-84a5-5ce2b698b4a5 added to master session list
[38;5;0m[HTTP][0m [37m<-- POST /wd/hub/session [39m[32m200[39m [90m33510 ms - 1220[39m
[38;5;0m[HTTP][0m [90m[39m
[38;5;0m[HTTP][0m [37m-->[39m [37mGET[39m [37m/wd/hub/session/140e4dc1-a48f-4113-84a5-5ce2b698b4a5[39m
[38;5;0m[HTTP][0m [90m{}[39m
[38;5;0m[HTTP][0m [37m<-- GET /wd/hub/session/140e4dc1-a48f-4113-84a5-5ce2b698b4a5 [39m[32m200[39m [90m30 ms - 1174[39m
[38;5;0m[HTTP][0m [90m[39m
[38;5;0m[HTTP][0m [37m-->[39m [37mGET[39m [37m/wd/hub/session/140e4dc1-a48f-4113-84a5-5ce2b698b4a5[39m
[38;5;0m[HTTP][0m [90m{}[39m
[38;5;0m[HTTP][0m [37m<-- GET /wd/hub/session/140e4dc1-a48f-4113-84a5-5ce2b698b4a5 [39m[32m200[39m [90m34 ms - 1174[39m
[38;5;0m[HTTP][0m [90m[39m
[38;5;0m[HTTP][0m [37m-->[39m [37mGET[39m [37m/wd/hub/status[39m
[38;5;0m[HTTP][0m [90m{}[39m
[38;5;0m[HTTP][0m [37m<-- GET /wd/hub/status [39m[32m200[39m [90m3 ms - 110[39m
[38;5;0m[HTTP][0m [90m[39m
[38;5;0m[HTTP][0m [37m-->[39m [37mPOST[39m [37m/wd/hub/session/140e4dc1-a48f-4113-84a5-5ce2b698b4a5/timeouts[39m
[38;5;0m[HTTP][0m [90m{"implicit":30000}[39m
[38;5;0m[HTTP][0m [37m<-- POST /wd/hub/session/140e4dc1-a48f-4113-84a5-5ce2b698b4a5/timeouts [39m[32m200[39m [90m8 ms - 14[39m
[38;5;0m[HTTP][0m [90m[39m
[38;5;0m[HTTP][0m [37m-->[39m [37mGET[39m [37m/wd/hub/session/140e4dc1-a48f-4113-84a5-5ce2b698b4a5/appium/device/system_bars[39m
[38;5;0m[HTTP][0m [90m{}[39m
[38;5;0m[HTTP][0m [37m<-- GET /wd/hub/session/140e4dc1-a48f-4113-84a5-5ce2b698b4a5/appium/device/system_bars [39m[32m200[39m [90m306 ms - 151[39m
[38;5;0m[HTTP][0m [90m[39m
[38;5;0m[HTTP][0m [37m-->[39m [37mPOST[39m [37m/wd/hub/session/140e4dc1-a48f-4113-84a5-5ce2b698b4a5/timeouts[39m
[38;5;0m[HTTP][0m [90m{"implicit":50}[39m
[38;5;0m[HTTP][0m [37m<-- POST /wd/hub/session/140e4dc1-a48f-4113-84a5-5ce2b698b4a5/timeouts [39m[32m200[39m [90m4 ms - 14[39m
[38;5;0m[HTTP][0m [90m[39m
[38;5;0m[HTTP][0m [37m-->[39m [37mGET[39m [37m/wd/hub/session/140e4dc1-a48f-4113-84a5-5ce2b698b4a5/window/rect[39m
[38;5;0m[HTTP][0m [90m{}[39m
[38;5;0m[HTTP][0m [37m<-- GET /wd/hub/session/140e4dc1-a48f-4113-84a5-5ce2b698b4a5/window/rect [39m[32m200[39m [90m35 ms - 50[39m
[38;5;0m[HTTP][0m [90m[39m
[38;5;0m[HTTP][0m [37m-->[39m [37mPOST[39m [37m/wd/hub/session/140e4dc1-a48f-4113-84a5-5ce2b698b4a5/elements[39m
[38;5;0m[HTTP][0m [90m{"using":"xpath","value":"//hierarchy/android.widget.FrameLayout[1]/android.widget.LinearLayout[1]/android.widget.FrameLayout[1]/android.widget.FrameLayout[1]/android.view.View[1]/android.view.View[1]/android.view.View[1]/android.view.View[1]/android.widget.ScrollView[1]/android.widget.EditText[1]"}[39m
[38;5;0m[HTTP][0m [37m<-- POST /wd/hub/session/140e4dc1-a48f-4113-84a5-5ce2b698b4a5/elements [39m[32m200[39m [90m1015 ms - 139[39m
[38;5;0m[HTTP][0m [90m[39m
[38;5;0m[HTTP][0m [37m-->[39m [37mGET[39m [37m/wd/hub/session/140e4dc1-a48f-4113-84a5-5ce2b698b4a5/element/00000000-0000-096b-0000-000c00000003/location[39m
[38;5;0m[HTTP][0m [90m{}[39m
[38;5;48m[AndroidUiautomator2Driver@9fd2 (140e4dc1)][0m Driver proxy active, passing request on via HTTP proxy
[38;5;48m[AndroidUiautomator2Driver@9fd2 (140e4dc1)][0m Replacing sessionId 8748b360-3fef-4214-9d43-c5a93dc6911f with 140e4dc1-a48f-4113-84a5-5ce2b698b4a5
[38;5;0m[HTTP][0m [37m<-- GET /wd/hub/session/140e4dc1-a48f-4113-84a5-5ce2b698b4a5/element/00000000-0000-096b-0000-000c00000003/location [39m[32m200[39m [90m41 ms - 78[39m
[38;5;0m[HTTP][0m [90m[39m
[38;5;0m[HTTP][0m [37m-->[39m [37mPOST[39m [37m/wd/hub/session/140e4dc1-a48f-4113-84a5-5ce2b698b4a5/timeouts[39m
[38;5;0m[HTTP][0m [90m{"implicit":30000}[39m
[38;5;0m[HTTP][0m [37m<-- POST /wd/hub/session/140e4dc1-a48f-4113-84a5-5ce2b698b4a5/timeouts [39m[32m200[39m [90m5 ms - 14[39m
[38;5;0m[HTTP][0m [90m[39m
[38;5;0m[HTTP][0m [37m-->[39m [37mPOST[39m [37m/wd/hub/session/140e4dc1-a48f-4113-84a5-5ce2b698b4a5/element/00000000-0000-096b-0000-000c00000003/click[39m
[38;5;0m[HTTP][0m [90m{"id":"00000000-0000-096b-0000-000c00000003"}[39m
[38;5;0m[HTTP][0m [37m<-- POST /wd/hub/session/140e4dc1-a48f-4113-84a5-5ce2b698b4a5/element/00000000-0000-096b-0000-000c00000003/click [39m[32m200[39m [90m113 ms - 14[39m
[38;5;0m[HTTP][0m [90m[39m
[38;5;0m[HTTP][0m [37m-->[39m [37mPOST[39m [37m/wd/hub/session/140e4dc1-a48f-4113-84a5-5ce2b698b4a5/timeouts[39m
[38;5;0m[HTTP][0m [90m{"implicit":50}[39m
[38;5;0m[HTTP][0m [37m<-- POST /wd/hub/session/140e4dc1-a48f-4113-84a5-5ce2b698b4a5/timeouts [39m[32m200[39m [90m2 ms - 14[39m
[38;5;0m[HTTP][0m [90m[39m
[38;5;0m[HTTP][0m [37m-->[39m [37mGET[39m [37m/wd/hub/session/140e4dc1-a48f-4113-84a5-5ce2b698b4a5/window/rect[39m
[38;5;0m[HTTP][0m [90m{}[39m
[38;5;0m[HTTP][0m [37m<-- GET /wd/hub/session/140e4dc1-a48f-4113-84a5-5ce2b698b4a5/window/rect [39m[32m200[39m [90m25 ms - 50[39m
[38;5;0m[HTTP][0m [90m[39m
[38;5;0m[HTTP][0m [37m-->[39m [37mPOST[39m [37m/wd/hub/session/140e4dc1-a48f-4113-84a5-5ce2b698b4a5/elements[39m
[38;5;0m[HTTP][0m [90m{"using":"xpath","value":"//hierarchy/android.widget.FrameLayout[1]/android.widget.LinearLayout[1]/android.widget.FrameLayout[1]/android.widget.FrameLayout[1]/android.view.View[1]/android.view.View[1]/android.view.View[1]/android.view.View[1]/android.widget.ScrollView[1]/android.widget.EditText[1]"}[39m
[38;5;0m[HTTP][0m [37m<-- POST /wd/hub/session/140e4dc1-a48f-4113-84a5-5ce2b698b4a5/elements [39m[32m200[39m [90m154 ms - 139[39m
[38;5;0m[HTTP][0m [90m[39m
[38;5;0m[HTTP][0m [37m-->[39m [37mGET[39m [37m/wd/hub/session/140e4dc1-a48f-4113-84a5-5ce2b698b4a5/element/00000000-0000-096b-0000-000c00000003/location[39m
[38;5;0m[HTTP][0m [90m{}[39m
[38;5;48m[AndroidUiautomator2Driver@9fd2 (140e4dc1)][0m Driver proxy active, passing request on via HTTP proxy
[38;5;48m[AndroidUiautomator2Driver@9fd2 (140e4dc1)][0m Replacing sessionId 8748b360-3fef-4214-9d43-c5a93dc6911f with 140e4dc1-a48f-4113-84a5-5ce2b698b4a5
[38;5;0m[HTTP][0m [37m<-- GET /wd/hub/session/140e4dc1-a48f-4113-84a5-5ce2b698b4a5/element/00000000-0000-096b-0000-000c00000003/location [39m[32m200[39m [90m43 ms - 78[39m
[38;5;0m[HTTP][0m [90m[39m
[38;5;0m[HTTP][0m [37m-->[39m [37mPOST[39m [37m/wd/hub/session/140e4dc1-a48f-4113-84a5-5ce2b698b4a5/timeouts[39m
[38;5;0m[HTTP][0m [90m{"implicit":30000}[39m
[38;5;0m[HTTP][0m [37m<-- POST /wd/hub/session/140e4dc1-a48f-4113-84a5-5ce2b698b4a5/timeouts [39m[32m200[39m [90m2 ms - 14[39m
[38;5;0m[HTTP][0m [90m[39m
[38;5;0m[HTTP][0m [37m-->[39m [37mPOST[39m [37m/wd/hub/session/140e4dc1-a48f-4113-84a5-5ce2b698b4a5/element/00000000-0000-096b-0000-000c00000003/clear[39m
[38;5;0m[HTTP][0m [90m{"id":"00000000-0000-096b-0000-000c00000003"}[39m
[38;5;0m[HTTP][0m [37m<-- POST /wd/hub/session/140e4dc1-a48f-4113-84a5-5ce2b698b4a5/element/00000000-0000-096b-0000-000c00000003/clear [39m[32m200[39m [90m39 ms - 14[39m
[38;5;0m[HTTP][0m [90m[39m
[38;5;0m[HTTP][0m [37m-->[39m [37mPOST[39m [37m/wd/hub/session/140e4dc1-a48f-4113-84a5-5ce2b698b4a5/element/00000000-0000-096b-0000-000c00000003/click[39m
[38;5;0m[HTTP][0m [90m{"id":"00000000-0000-096b-0000-000c00000003"}[39m
[38;5;0m[HTTP][0m [37m<-- POST /wd/hub/session/140e4dc1-a48f-4113-84a5-5ce2b698b4a5/element/00000000-0000-096b-0000-000c00000003/click [39m[32m200[39m [90m92 ms - 14[39m
[38;5;0m[HTTP][0m [90m[39m
[38;5;0m[HTTP][0m [37m-->[39m [37mPOST[39m [37m/wd/hub/session/140e4dc1-a48f-4113-84a5-5ce2b698b4a5/element/00000000-0000-096b-0000-000c00000003/value[39m
[38;5;0m[HTTP][0m [90m{"id":"00000000-0000-096b-0000-000c00000003","text":"admin@indocyber.id","value":["a","d","m","i","n","@","i","n","d","o","c","y","b","e","r",".","i","d"]}[39m
[38;5;0m[HTTP][0m [37m<-- POST /wd/hub/session/140e4dc1-a48f-4113-84a5-5ce2b698b4a5/element/00000000-0000-096b-0000-000c00000003/value [39m[32m200[39m [90m557 ms - 14[39m
[38;5;0m[HTTP][0m [90m[39m
[38;5;0m[HTTP][0m [37m-->[39m [37mGET[39m [37m/wd/hub/session/140e4dc1-a48f-4113-84a5-5ce2b698b4a5/context[39m
[38;5;0m[HTTP][0m [90m{}[39m
[38;5;0m[HTTP][0m [37m<-- GET /wd/hub/session/140e4dc1-a48f-4113-84a5-5ce2b698b4a5/context [39m[32m200[39m [90m3 ms - 22[39m
[38;5;0m[HTTP][0m [90m[39m
[38;5;0m[HTTP][0m [37m-->[39m [37mGET[39m [37m/wd/hub/session/140e4dc1-a48f-4113-84a5-5ce2b698b4a5/contexts[39m
[38;5;0m[HTTP][0m [90m{}[39m
[38;5;0m[HTTP][0m [37m<-- GET /wd/hub/session/140e4dc1-a48f-4113-84a5-5ce2b698b4a5/contexts [39m[32m200[39m [90m224 ms - 24[39m
[38;5;0m[HTTP][0m [90m[39m
[38;5;0m[HTTP][0m [37m-->[39m [37mPOST[39m [37m/wd/hub/session/140e4dc1-a48f-4113-84a5-5ce2b698b4a5/context[39m
[38;5;0m[HTTP][0m [90m{"name":"NATIVE_APP"}[39m
[38;5;0m[HTTP][0m [37m<-- POST /wd/hub/session/140e4dc1-a48f-4113-84a5-5ce2b698b4a5/context [39m[32m200[39m [90m3 ms - 14[39m
[38;5;0m[HTTP][0m [90m[39m
[38;5;0m[HTTP][0m [37m-->[39m [37mPOST[39m [37m/wd/hub/session/140e4dc1-a48f-4113-84a5-5ce2b698b4a5/appium/device/hide_keyboard[39m
[38;5;0m[HTTP][0m [90m{}[39m
[38;5;0m[HTTP][0m [37m<-- POST /wd/hub/session/140e4dc1-a48f-4113-84a5-5ce2b698b4a5/appium/device/hide_keyboard [39m[32m200[39m [90m2255 ms - 14[39m
[38;5;0m[HTTP][0m [90m[39m
[38;5;0m[HTTP][0m [37m-->[39m [37mPOST[39m [37m/wd/hub/session/140e4dc1-a48f-4113-84a5-5ce2b698b4a5/context[39m
[38;5;0m[HTTP][0m [90m{"name":"NATIVE_APP"}[39m
[38;5;0m[HTTP][0m [37m<-- POST /wd/hub/session/140e4dc1-a48f-4113-84a5-5ce2b698b4a5/context [39m[32m200[39m [90m3 ms - 14[39m
[38;5;0m[HTTP][0m [90m[39m
[38;5;0m[HTTP][0m [37m-->[39m [37mPOST[39m [37m/wd/hub/session/140e4dc1-a48f-4113-84a5-5ce2b698b4a5/timeouts[39m
[38;5;0m[HTTP][0m [90m{"implicit":50}[39m
[38;5;0m[HTTP][0m [37m<-- POST /wd/hub/session/140e4dc1-a48f-4113-84a5-5ce2b698b4a5/timeouts [39m[32m200[39m [90m3 ms - 14[39m
[38;5;0m[HTTP][0m [90m[39m
[38;5;0m[HTTP][0m [37m-->[39m [37mGET[39m [37m/wd/hub/session/140e4dc1-a48f-4113-84a5-5ce2b698b4a5/window/rect[39m
[38;5;0m[HTTP][0m [90m{}[39m
[38;5;0m[HTTP][0m [37m<-- GET /wd/hub/session/140e4dc1-a48f-4113-84a5-5ce2b698b4a5/window/rect [39m[32m200[39m [90m24 ms - 50[39m
[38;5;0m[HTTP][0m [90m[39m
[38;5;0m[HTTP][0m [37m-->[39m [37mPOST[39m [37m/wd/hub/session/140e4dc1-a48f-4113-84a5-5ce2b698b4a5/elements[39m
[38;5;0m[HTTP][0m [90m{"using":"xpath","value":"//hierarchy/android.widget.FrameLayout[1]/android.widget.LinearLayout[1]/android.widget.FrameLayout[1]/android.widget.FrameLayout[1]/android.view.View[1]/android.view.View[1]/android.view.View[1]/android.view.View[1]/android.widget.ScrollView[1]/android.widget.EditText[2]"}[39m
[38;5;0m[HTTP][0m [37m<-- POST /wd/hub/session/140e4dc1-a48f-4113-84a5-5ce2b698b4a5/elements [39m[32m200[39m [90m628 ms - 139[39m
[38;5;0m[HTTP][0m [90m[39m
[38;5;0m[HTTP][0m [37m-->[39m [37mGET[39m [37m/wd/hub/session/140e4dc1-a48f-4113-84a5-5ce2b698b4a5/element/00000000-0000-096b-0000-000e00000003/location[39m
[38;5;0m[HTTP][0m [90m{}[39m
[38;5;48m[AndroidUiautomator2Driver@9fd2 (140e4dc1)][0m Driver proxy active, passing request on via HTTP proxy
[38;5;48m[AndroidUiautomator2Driver@9fd2 (140e4dc1)][0m Replacing sessionId 8748b360-3fef-4214-9d43-c5a93dc6911f with 140e4dc1-a48f-4113-84a5-5ce2b698b4a5
[38;5;0m[HTTP][0m [37m<-- GET /wd/hub/session/140e4dc1-a48f-4113-84a5-5ce2b698b4a5/element/00000000-0000-096b-0000-000e00000003/location [39m[32m200[39m [90m72 ms - 78[39m
[38;5;0m[HTTP][0m [90m[39m
[38;5;0m[HTTP][0m [37m-->[39m [37mPOST[39m [37m/wd/hub/session/140e4dc1-a48f-4113-84a5-5ce2b698b4a5/timeouts[39m
[38;5;0m[HTTP][0m [90m{"implicit":30000}[39m
[38;5;0m[HTTP][0m [37m<-- POST /wd/hub/session/140e4dc1-a48f-4113-84a5-5ce2b698b4a5/timeouts [39m[32m200[39m [90m3 ms - 14[39m
[38;5;0m[HTTP][0m [90m[39m
[38;5;0m[HTTP][0m [37m-->[39m [37mPOST[39m [37m/wd/hub/session/140e4dc1-a48f-4113-84a5-5ce2b698b4a5/element/00000000-0000-096b-0000-000e00000003/click[39m
[38;5;0m[HTTP][0m [90m{"id":"00000000-0000-096b-0000-000e00000003"}[39m
[38;5;0m[HTTP][0m [37m<-- POST /wd/hub/session/140e4dc1-a48f-4113-84a5-5ce2b698b4a5/element/00000000-0000-096b-0000-000e00000003/click [39m[32m200[39m [90m131 ms - 14[39m
[38;5;0m[HTTP][0m [90m[39m
[38;5;0m[HTTP][0m [37m-->[39m [37mPOST[39m [37m/wd/hub/session/140e4dc1-a48f-4113-84a5-5ce2b698b4a5/timeouts[39m
[38;5;0m[HTTP][0m [90m{"implicit":50}[39m
[38;5;0m[HTTP][0m [37m<-- POST /wd/hub/session/140e4dc1-a48f-4113-84a5-5ce2b698b4a5/timeouts [39m[32m200[39m [90m3 ms - 14[39m
[38;5;0m[HTTP][0m [90m[39m
[38;5;0m[HTTP][0m [37m-->[39m [37mGET[39m [37m/wd/hub/session/140e4dc1-a48f-4113-84a5-5ce2b698b4a5/window/rect[39m
[38;5;0m[HTTP][0m [90m{}[39m
[38;5;0m[HTTP][0m [37m<-- GET /wd/hub/session/140e4dc1-a48f-4113-84a5-5ce2b698b4a5/window/rect [39m[32m200[39m [90m62 ms - 50[39m
[38;5;0m[HTTP][0m [90m[39m
[38;5;0m[HTTP][0m [37m-->[39m [37mPOST[39m [37m/wd/hub/session/140e4dc1-a48f-4113-84a5-5ce2b698b4a5/elements[39m
[38;5;0m[HTTP][0m [90m{"using":"xpath","value":"//hierarchy/android.widget.FrameLayout[1]/android.widget.LinearLayout[1]/android.widget.FrameLayout[1]/android.widget.FrameLayout[1]/android.view.View[1]/android.view.View[1]/android.view.View[1]/android.view.View[1]/android.widget.ScrollView[1]/android.widget.EditText[2]"}[39m
[38;5;0m[HTTP][0m [37m<-- POST /wd/hub/session/140e4dc1-a48f-4113-84a5-5ce2b698b4a5/elements [39m[32m200[39m [90m301 ms - 139[39m
[38;5;0m[HTTP][0m [90m[39m
[38;5;0m[HTTP][0m [37m-->[39m [37mGET[39m [37m/wd/hub/session/140e4dc1-a48f-4113-84a5-5ce2b698b4a5/element/00000000-0000-096b-0000-000e00000003/location[39m
[38;5;0m[HTTP][0m [90m{}[39m
[38;5;48m[AndroidUiautomator2Driver@9fd2 (140e4dc1)][0m Driver proxy active, passing request on via HTTP proxy
[38;5;48m[AndroidUiautomator2Driver@9fd2 (140e4dc1)][0m Replacing sessionId 8748b360-3fef-4214-9d43-c5a93dc6911f with 140e4dc1-a48f-4113-84a5-5ce2b698b4a5
[38;5;0m[HTTP][0m [37m<-- GET /wd/hub/session/140e4dc1-a48f-4113-84a5-5ce2b698b4a5/element/00000000-0000-096b-0000-000e00000003/location [39m[32m200[39m [90m437 ms - 78[39m
[38;5;0m[HTTP][0m [90m[39m
[38;5;0m[HTTP][0m [37m-->[39m [37mPOST[39m [37m/wd/hub/session/140e4dc1-a48f-4113-84a5-5ce2b698b4a5/timeouts[39m
[38;5;0m[HTTP][0m [90m{"implicit":30000}[39m
[38;5;0m[HTTP][0m [37m<-- POST /wd/hub/session/140e4dc1-a48f-4113-84a5-5ce2b698b4a5/timeouts [39m[32m200[39m [90m3 ms - 14[39m
[38;5;0m[HTTP][0m [90m[39m
[38;5;0m[HTTP][0m [37m-->[39m [37mPOST[39m [37m/wd/hub/session/140e4dc1-a48f-4113-84a5-5ce2b698b4a5/element/00000000-0000-096b-0000-000e00000003/clear[39m
[38;5;0m[HTTP][0m [90m{"id":"00000000-0000-096b-0000-000e00000003"}[39m
[38;5;0m[HTTP][0m [37m<-- POST /wd/hub/session/140e4dc1-a48f-4113-84a5-5ce2b698b4a5/element/00000000-0000-096b-0000-000e00000003/clear [39m[32m200[39m [90m812 ms - 14[39m
[38;5;0m[HTTP][0m [90m[39m
[38;5;0m[HTTP][0m [37m-->[39m [37mPOST[39m [37m/wd/hub/session/140e4dc1-a48f-4113-84a5-5ce2b698b4a5/element/00000000-0000-096b-0000-000e00000003/click[39m
[38;5;0m[HTTP][0m [90m{"id":"00000000-0000-096b-0000-000e00000003"}[39m
[38;5;0m[HTTP][0m [37m<-- POST /wd/hub/session/140e4dc1-a48f-4113-84a5-5ce2b698b4a5/element/00000000-0000-096b-0000-000e00000003/click [39m[32m200[39m [90m146 ms - 14[39m
[38;5;0m[HTTP][0m [90m[39m
[38;5;0m[HTTP][0m [37m-->[39m [37mPOST[39m [37m/wd/hub/session/140e4dc1-a48f-4113-84a5-5ce2b698b4a5/element/00000000-0000-096b-0000-000e00000003/value[39m
[38;5;0m[HTTP][0m [90m{"id":"00000000-0000-096b-0000-000e00000003","text":"123","value":["1","2","3"]}[39m
[38;5;0m[HTTP][0m [37m<-- POST /wd/hub/session/140e4dc1-a48f-4113-84a5-5ce2b698b4a5/element/00000000-0000-096b-0000-000e00000003/value [39m[32m200[39m [90m82 ms - 14[39m
[38;5;0m[HTTP][0m [90m[39m
[38;5;0m[HTTP][0m [37m-->[39m [37mGET[39m [37m/wd/hub/session/140e4dc1-a48f-4113-84a5-5ce2b698b4a5/context[39m
[38;5;0m[HTTP][0m [90m{}[39m
[38;5;0m[HTTP][0m [37m<-- GET /wd/hub/session/140e4dc1-a48f-4113-84a5-5ce2b698b4a5/context [39m[32m200[39m [90m2 ms - 22[39m
[38;5;0m[HTTP][0m [90m[39m
[38;5;0m[HTTP][0m [37m-->[39m [37mGET[39m [37m/wd/hub/session/140e4dc1-a48f-4113-84a5-5ce2b698b4a5/contexts[39m
[38;5;0m[HTTP][0m [90m{}[39m
[38;5;0m[HTTP][0m [37m<-- GET /wd/hub/session/140e4dc1-a48f-4113-84a5-5ce2b698b4a5/contexts [39m[32m200[39m [90m131 ms - 24[39m
[38;5;0m[HTTP][0m [90m[39m
[38;5;0m[HTTP][0m [37m-->[39m [37mPOST[39m [37m/wd/hub/session/140e4dc1-a48f-4113-84a5-5ce2b698b4a5/context[39m
[38;5;0m[HTTP][0m [90m{"name":"NATIVE_APP"}[39m
[38;5;0m[HTTP][0m [37m<-- POST /wd/hub/session/140e4dc1-a48f-4113-84a5-5ce2b698b4a5/context [39m[32m200[39m [90m2 ms - 14[39m
[38;5;0m[HTTP][0m [90m[39m
[38;5;0m[HTTP][0m [37m-->[39m [37mPOST[39m [37m/wd/hub/session/140e4dc1-a48f-4113-84a5-5ce2b698b4a5/appium/device/hide_keyboard[39m
[38;5;0m[HTTP][0m [90m{}[39m
[38;5;0m[HTTP][0m [37m<-- POST /wd/hub/session/140e4dc1-a48f-4113-84a5-5ce2b698b4a5/appium/device/hide_keyboard [39m[32m200[39m [90m2806 ms - 14[39m
[38;5;0m[HTTP][0m [90m[39m
[38;5;0m[HTTP][0m [37m-->[39m [37mPOST[39m [37m/wd/hub/session/140e4dc1-a48f-4113-84a5-5ce2b698b4a5/context[39m
[38;5;0m[HTTP][0m [90m{"name":"NATIVE_APP"}[39m
[38;5;0m[HTTP][0m [37m<-- POST /wd/hub/session/140e4dc1-a48f-4113-84a5-5ce2b698b4a5/context [39m[32m200[39m [90m3 ms - 14[39m
[38;5;0m[HTTP][0m [90m[39m
[38;5;0m[HTTP][0m [37m-->[39m [37mPOST[39m [37m/wd/hub/session/140e4dc1-a48f-4113-84a5-5ce2b698b4a5/timeouts[39m
[38;5;0m[HTTP][0m [90m{"implicit":50}[39m
[38;5;0m[HTTP][0m [37m<-- POST /wd/hub/session/140e4dc1-a48f-4113-84a5-5ce2b698b4a5/timeouts [39m[32m200[39m [90m3 ms - 14[39m
[38;5;0m[HTTP][0m [90m[39m
[38;5;0m[HTTP][0m [37m-->[39m [37mGET[39m [37m/wd/hub/session/140e4dc1-a48f-4113-84a5-5ce2b698b4a5/window/rect[39m
[38;5;0m[HTTP][0m [90m{}[39m
[38;5;0m[HTTP][0m [37m<-- GET /wd/hub/session/140e4dc1-a48f-4113-84a5-5ce2b698b4a5/window/rect [39m[32m200[39m [90m34 ms - 50[39m
[38;5;0m[HTTP][0m [90m[39m
[38;5;0m[HTTP][0m [37m-->[39m [37mPOST[39m [37m/wd/hub/session/140e4dc1-a48f-4113-84a5-5ce2b698b4a5/elements[39m
[38;5;0m[HTTP][0m [90m{"using":"xpath","value":"//hierarchy/android.widget.FrameLayout[1]/android.widget.LinearLayout[1]/android.widget.FrameLayout[1]/android.widget.FrameLayout[1]/android.view.View[1]/android.view.View[1]/android.view.View[1]/android.view.View[1]/android.widget.ScrollView[1]/android.widget.Button[1]"}[39m
[38;5;0m[HTTP][0m [37m<-- POST /wd/hub/session/140e4dc1-a48f-4113-84a5-5ce2b698b4a5/elements [39m[32m200[39m [90m896 ms - 139[39m
[38;5;0m[HTTP][0m [90m[39m
[38;5;0m[HTTP][0m [37m-->[39m [37mGET[39m [37m/wd/hub/session/140e4dc1-a48f-4113-84a5-5ce2b698b4a5/element/00000000-0000-096b-0000-001000000003/location[39m
[38;5;0m[HTTP][0m [90m{}[39m
[38;5;48m[AndroidUiautomator2Driver@9fd2 (140e4dc1)][0m Driver proxy active, passing request on via HTTP proxy
[38;5;48m[AndroidUiautomator2Driver@9fd2 (140e4dc1)][0m Replacing sessionId 8748b360-3fef-4214-9d43-c5a93dc6911f with 140e4dc1-a48f-4113-84a5-5ce2b698b4a5
[38;5;0m[HTTP][0m [37m<-- GET /wd/hub/session/140e4dc1-a48f-4113-84a5-5ce2b698b4a5/element/00000000-0000-096b-0000-001000000003/location [39m[32m200[39m [90m76 ms - 78[39m
[38;5;0m[HTTP][0m [90m[39m
[38;5;0m[HTTP][0m [37m-->[39m [37mPOST[39m [37m/wd/hub/session/140e4dc1-a48f-4113-84a5-5ce2b698b4a5/timeouts[39m
[38;5;0m[HTTP][0m [90m{"implicit":30000}[39m
[38;5;0m[HTTP][0m [37m<-- POST /wd/hub/session/140e4dc1-a48f-4113-84a5-5ce2b698b4a5/timeouts [39m[32m200[39m [90m2 ms - 14[39m
[38;5;0m[HTTP][0m [90m[39m
[38;5;0m[HTTP][0m [37m-->[39m [37mPOST[39m [37m/wd/hub/session/140e4dc1-a48f-4113-84a5-5ce2b698b4a5/element/00000000-0000-096b-0000-001000000003/click[39m
[38;5;0m[HTTP][0m [90m{"id":"00000000-0000-096b-0000-001000000003"}[39m
[38;5;0m[HTTP][0m [37m<-- POST /wd/hub/session/140e4dc1-a48f-4113-84a5-5ce2b698b4a5/element/00000000-0000-096b-0000-001000000003/click [39m[32m200[39m [90m68 ms - 14[39m
[38;5;0m[HTTP][0m [90m[39m
[38;5;0m[HTTP][0m [37m-->[39m [37mPOST[39m [37m/wd/hub/session/140e4dc1-a48f-4113-84a5-5ce2b698b4a5/timeouts[39m
[38;5;0m[HTTP][0m [90m{"implicit":50}[39m
[38;5;0m[HTTP][0m [37m<-- POST /wd/hub/session/140e4dc1-a48f-4113-84a5-5ce2b698b4a5/timeouts [39m[32m200[39m [90m2 ms - 14[39m
[38;5;0m[HTTP][0m [90m[39m
[38;5;0m[HTTP][0m [37m-->[39m [37mGET[39m [37m/wd/hub/session/140e4dc1-a48f-4113-84a5-5ce2b698b4a5/window/rect[39m
[38;5;0m[HTTP][0m [90m{}[39m
[38;5;0m[HTTP][0m [37m<-- GET /wd/hub/session/140e4dc1-a48f-4113-84a5-5ce2b698b4a5/window/rect [39m[32m200[39m [90m17 ms - 50[39m
[38;5;0m[HTTP][0m [90m[39m
[38;5;0m[HTTP][0m [37m-->[39m [37mPOST[39m [37m/wd/hub/session/140e4dc1-a48f-4113-84a5-5ce2b698b4a5/elements[39m
[38;5;0m[HTTP][0m [90m{"using":"xpath","value":"//hierarchy/android.widget.FrameLayout[1]/android.widget.LinearLayout[1]/android.widget.FrameLayout[1]/android.widget.FrameLayout[1]/android.view.View[1]/android.view.View[1]/android.view.View[1]/android.view.View[1]/android.view.View[1]/android.view.View[1]"}[39m
[38;5;0m[HTTP][0m [37m<-- POST /wd/hub/session/140e4dc1-a48f-4113-84a5-5ce2b698b4a5/elements [39m[32m200[39m [90m180 ms - 12[39m
[38;5;0m[HTTP][0m [90m[39m
[38;5;0m[HTTP][0m [37m-->[39m [37mPOST[39m [37m/wd/hub/session/140e4dc1-a48f-4113-84a5-5ce2b698b4a5/elements[39m
[38;5;0m[HTTP][0m [90m{"using":"xpath","value":"//hierarchy/android.widget.FrameLayout[1]/android.widget.LinearLayout[1]/android.widget.FrameLayout[1]/android.widget.FrameLayout[1]/android.view.View[1]/android.view.View[1]/android.view.View[1]/android.view.View[1]/android.view.View[1]/android.view.View[1]"}[39m
[38;5;0m[HTTP][0m [37m<-- POST /wd/hub/session/140e4dc1-a48f-4113-84a5-5ce2b698b4a5/elements [39m[32m200[39m [90m106 ms - 12[39m
[38;5;0m[HTTP][0m [90m[39m
[38;5;0m[HTTP][0m [37m-->[39m [37mPOST[39m [37m/wd/hub/session/140e4dc1-a48f-4113-84a5-5ce2b698b4a5/elements[39m
[38;5;0m[HTTP][0m [90m{"using":"xpath","value":"//hierarchy/android.widget.FrameLayout[1]/android.widget.LinearLayout[1]/android.widget.FrameLayout[1]/android.widget.FrameLayout[1]/android.view.View[1]/android.view.View[1]/android.view.View[1]/android.view.View[1]/android.view.View[1]/android.view.View[1]"}[39m
[38;5;0m[HTTP][0m [37m<-- POST /wd/hub/session/140e4dc1-a48f-4113-84a5-5ce2b698b4a5/elements [39m[32m200[39m [90m655 ms - 139[39m
[38;5;0m[HTTP][0m [90m[39m
[38;5;0m[HTTP][0m [37m-->[39m [37mGET[39m [37m/wd/hub/session/140e4dc1-a48f-4113-84a5-5ce2b698b4a5/element/00000000-0000-096b-0000-004c00000003/location[39m
[38;5;0m[HTTP][0m [90m{}[39m
[38;5;48m[AndroidUiautomator2Driver@9fd2 (140e4dc1)][0m Driver proxy active, passing request on via HTTP proxy
[38;5;48m[AndroidUiautomator2Driver@9fd2 (140e4dc1)][0m Replacing sessionId 8748b360-3fef-4214-9d43-c5a93dc6911f with 140e4dc1-a48f-4113-84a5-5ce2b698b4a5
[38;5;0m[HTTP][0m [37m<-- GET /wd/hub/session/140e4dc1-a48f-4113-84a5-5ce2b698b4a5/element/00000000-0000-096b-0000-004c00000003/location [39m[32m200[39m [90m70 ms - 76[39m
[38;5;0m[HTTP][0m [90m[39m
[38;5;0m[HTTP][0m [37m-->[39m [37mPOST[39m [37m/wd/hub/session/140e4dc1-a48f-4113-84a5-5ce2b698b4a5/timeouts[39m
[38;5;0m[HTTP][0m [90m{"implicit":30000}[39m
[38;5;0m[HTTP][0m [37m<-- POST /wd/hub/session/140e4dc1-a48f-4113-84a5-5ce2b698b4a5/timeouts [39m[32m200[39m [90m2 ms - 14[39m
[38;5;0m[HTTP][0m [90m[39m
[38;5;0m[HTTP][0m [37m-->[39m [37mPOST[39m [37m/wd/hub/session/140e4dc1-a48f-4113-84a5-5ce2b698b4a5/timeouts[39m
[38;5;0m[HTTP][0m [90m{"implicit":50}[39m
[38;5;0m[HTTP][0m [37m<-- POST /wd/hub/session/140e4dc1-a48f-4113-84a5-5ce2b698b4a5/timeouts [39m[32m200[39m [90m2 ms - 14[39m
[38;5;0m[HTTP][0m [90m[39m
[38;5;0m[HTTP][0m [37m-->[39m [37mGET[39m [37m/wd/hub/session/140e4dc1-a48f-4113-84a5-5ce2b698b4a5/window/rect[39m
[38;5;0m[HTTP][0m [90m{}[39m
[38;5;0m[HTTP][0m [37m<-- GET /wd/hub/session/140e4dc1-a48f-4113-84a5-5ce2b698b4a5/window/rect [39m[32m200[39m [90m38 ms - 50[39m
[38;5;0m[HTTP][0m [90m[39m
[38;5;0m[HTTP][0m [37m-->[39m [37mPOST[39m [37m/wd/hub/session/140e4dc1-a48f-4113-84a5-5ce2b698b4a5/elements[39m
[38;5;0m[HTTP][0m [90m{"using":"xpath","value":"//hierarchy/android.widget.FrameLayout[1]/android.widget.LinearLayout[1]/android.widget.FrameLayout[1]/android.widget.FrameLayout[1]/android.view.View[1]/android.view.View[1]/android.view.View[1]/android.view.View[1]/android.view.View[2]/android.view.View[1]/android.view.View[8]/android.view.View[1]/android.view.View[1]/android.widget.ImageView[4]"}[39m
[38;5;0m[HTTP][0m [37m<-- POST /wd/hub/session/140e4dc1-a48f-4113-84a5-5ce2b698b4a5/elements [39m[32m200[39m [90m349 ms - 139[39m
[38;5;0m[HTTP][0m [90m[39m
[38;5;0m[HTTP][0m [37m-->[39m [37mGET[39m [37m/wd/hub/session/140e4dc1-a48f-4113-84a5-5ce2b698b4a5/element/00000000-0000-096b-0000-003000000003/location[39m
[38;5;0m[HTTP][0m [90m{}[39m
[38;5;48m[AndroidUiautomator2Driver@9fd2 (140e4dc1)][0m Driver proxy active, passing request on via HTTP proxy
[38;5;48m[AndroidUiautomator2Driver@9fd2 (140e4dc1)][0m Replacing sessionId 8748b360-3fef-4214-9d43-c5a93dc6911f with 140e4dc1-a48f-4113-84a5-5ce2b698b4a5
[38;5;0m[HTTP][0m [37m<-- GET /wd/hub/session/140e4dc1-a48f-4113-84a5-5ce2b698b4a5/element/00000000-0000-096b-0000-003000000003/location [39m[32m200[39m [90m42 ms - 78[39m
[38;5;0m[HTTP][0m [90m[39m
[38;5;0m[HTTP][0m [37m-->[39m [37mPOST[39m [37m/wd/hub/session/140e4dc1-a48f-4113-84a5-5ce2b698b4a5/timeouts[39m
[38;5;0m[HTTP][0m [90m{"implicit":30000}[39m
[38;5;0m[HTTP][0m [37m<-- POST /wd/hub/session/140e4dc1-a48f-4113-84a5-5ce2b698b4a5/timeouts [39m[32m200[39m [90m3 ms - 14[39m
[38;5;0m[HTTP][0m [90m[39m
[38;5;0m[HTTP][0m [37m-->[39m [37mPOST[39m [37m/wd/hub/session/140e4dc1-a48f-4113-84a5-5ce2b698b4a5/element/00000000-0000-096b-0000-003000000003/click[39m
[38;5;0m[HTTP][0m [90m{"id":"00000000-0000-096b-0000-003000000003"}[39m
[38;5;0m[HTTP][0m [37m<-- POST /wd/hub/session/140e4dc1-a48f-4113-84a5-5ce2b698b4a5/element/00000000-0000-096b-0000-003000000003/click [39m[32m200[39m [90m108 ms - 14[39m
[38;5;0m[HTTP][0m [90m[39m
[38;5;0m[HTTP][0m [37m-->[39m [37mPOST[39m [37m/wd/hub/session/140e4dc1-a48f-4113-84a5-5ce2b698b4a5/timeouts[39m
[38;5;0m[HTTP][0m [90m{"implicit":50}[39m
[38;5;0m[HTTP][0m [37m<-- POST /wd/hub/session/140e4dc1-a48f-4113-84a5-5ce2b698b4a5/timeouts [39m[32m200[39m [90m2 ms - 14[39m
[38;5;0m[HTTP][0m [90m[39m
[38;5;0m[HTTP][0m [37m-->[39m [37mGET[39m [37m/wd/hub/session/140e4dc1-a48f-4113-84a5-5ce2b698b4a5/window/rect[39m
[38;5;0m[HTTP][0m [90m{}[39m
[38;5;0m[HTTP][0m [37m<-- GET /wd/hub/session/140e4dc1-a48f-4113-84a5-5ce2b698b4a5/window/rect [39m[32m200[39m [90m22 ms - 50[39m
[38;5;0m[HTTP][0m [90m[39m
[38;5;0m[HTTP][0m [37m-->[39m [37mPOST[39m [37m/wd/hub/session/140e4dc1-a48f-4113-84a5-5ce2b698b4a5/elements[39m
[38;5;0m[HTTP][0m [90m{"using":"xpath","value":"//hierarchy/android.widget.FrameLayout[1]/android.widget.LinearLayout[1]/android.widget.FrameLayout[1]/android.widget.FrameLayout[1]/android.view.View[1]/android.view.View[1]/android.view.View[1]/android.view.View[1]/android.view.View[2]/android.view.View[1]/android.view.View[1]/android.widget.ImageView[1]"}[39m
[38;5;0m[HTTP][0m [37m<-- POST /wd/hub/session/140e4dc1-a48f-4113-84a5-5ce2b698b4a5/elements [39m[32m200[39m [90m182 ms - 12[39m
[38;5;0m[HTTP][0m [90m[39m
[38;5;0m[HTTP][0m [37m-->[39m [37mPOST[39m [37m/wd/hub/session/140e4dc1-a48f-4113-84a5-5ce2b698b4a5/elements[39m
[38;5;0m[HTTP][0m [90m{"using":"xpath","value":"//hierarchy/android.widget.FrameLayout[1]/android.widget.LinearLayout[1]/android.widget.FrameLayout[1]/android.widget.FrameLayout[1]/android.view.View[1]/android.view.View[1]/android.view.View[1]/android.view.View[1]/android.view.View[2]/android.view.View[1]/android.view.View[1]/android.widget.ImageView[1]"}[39m
[38;5;0m[HTTP][0m [37m<-- POST /wd/hub/session/140e4dc1-a48f-4113-84a5-5ce2b698b4a5/elements [39m[32m200[39m [90m539 ms - 12[39m
[38;5;0m[HTTP][0m [90m[39m
[38;5;0m[HTTP][0m [37m-->[39m [37mPOST[39m [37m/wd/hub/session/140e4dc1-a48f-4113-84a5-5ce2b698b4a5/elements[39m
[38;5;0m[HTTP][0m [90m{"using":"xpath","value":"//hierarchy/android.widget.FrameLayout[1]/android.widget.LinearLayout[1]/android.widget.FrameLayout[1]/android.widget.FrameLayout[1]/android.view.View[1]/android.view.View[1]/android.view.View[1]/android.view.View[1]/android.view.View[2]/android.view.View[1]/android.view.View[1]/android.widget.ImageView[1]"}[39m
[38;5;0m[HTTP][0m [37m<-- POST /wd/hub/session/140e4dc1-a48f-4113-84a5-5ce2b698b4a5/elements [39m[32m200[39m [90m829 ms - 139[39m
[38;5;0m[HTTP][0m [90m[39m
[38;5;0m[HTTP][0m [37m-->[39m [37mGET[39m [37m/wd/hub/session/140e4dc1-a48f-4113-84a5-5ce2b698b4a5/element/00000000-0000-096b-0000-005600000003/location[39m
[38;5;0m[HTTP][0m [90m{}[39m
[38;5;48m[AndroidUiautomator2Driver@9fd2 (140e4dc1)][0m Driver proxy active, passing request on via HTTP proxy
[38;5;48m[AndroidUiautomator2Driver@9fd2 (140e4dc1)][0m Replacing sessionId 8748b360-3fef-4214-9d43-c5a93dc6911f with 140e4dc1-a48f-4113-84a5-5ce2b698b4a5
[38;5;0m[HTTP][0m [37m<-- GET /wd/hub/session/140e4dc1-a48f-4113-84a5-5ce2b698b4a5/element/00000000-0000-096b-0000-005600000003/location [39m[32m200[39m [90m43 ms - 79[39m
[38;5;0m[HTTP][0m [90m[39m
[38;5;0m[HTTP][0m [37m-->[39m [37mPOST[39m [37m/wd/hub/session/140e4dc1-a48f-4113-84a5-5ce2b698b4a5/timeouts[39m
[38;5;0m[HTTP][0m [90m{"implicit":30000}[39m
[38;5;0m[HTTP][0m [37m<-- POST /wd/hub/session/140e4dc1-a48f-4113-84a5-5ce2b698b4a5/timeouts [39m[32m200[39m [90m1 ms - 14[39m
[38;5;0m[HTTP][0m [90m[39m
[38;5;0m[HTTP][0m [37m-->[39m [37mPOST[39m [37m/wd/hub/session/140e4dc1-a48f-4113-84a5-5ce2b698b4a5/element/00000000-0000-096b-0000-005600000003/click[39m
[38;5;0m[HTTP][0m [90m{"id":"00000000-0000-096b-0000-005600000003"}[39m
[38;5;0m[HTTP][0m [37m<-- POST /wd/hub/session/140e4dc1-a48f-4113-84a5-5ce2b698b4a5/element/00000000-0000-096b-0000-005600000003/click [39m[32m200[39m [90m930 ms - 14[39m
[38;5;0m[HTTP][0m [90m[39m
[38;5;0m[HTTP][0m [37m-->[39m [37mPOST[39m [37m/wd/hub/session/140e4dc1-a48f-4113-84a5-5ce2b698b4a5/timeouts[39m
[38;5;0m[HTTP][0m [90m{"implicit":50}[39m
[38;5;0m[HTTP][0m [37m<-- POST /wd/hub/session/140e4dc1-a48f-4113-84a5-5ce2b698b4a5/timeouts [39m[32m200[39m [90m4 ms - 14[39m
[38;5;0m[HTTP][0m [90m[39m
[38;5;0m[HTTP][0m [37m-->[39m [37mGET[39m [37m/wd/hub/session/140e4dc1-a48f-4113-84a5-5ce2b698b4a5/window/rect[39m
[38;5;0m[HTTP][0m [90m{}[39m
[38;5;0m[HTTP][0m [37m<-- GET /wd/hub/session/140e4dc1-a48f-4113-84a5-5ce2b698b4a5/window/rect [39m[32m200[39m [90m70 ms - 50[39m
[38;5;0m[HTTP][0m [90m[39m
[38;5;0m[HTTP][0m [37m-->[39m [37mPOST[39m [37m/wd/hub/session/140e4dc1-a48f-4113-84a5-5ce2b698b4a5/elements[39m
[38;5;0m[HTTP][0m [90m{"using":"accessibility id","value":"Prospect Customer"}[39m
[38;5;0m[HTTP][0m [37m<-- POST /wd/hub/session/140e4dc1-a48f-4113-84a5-5ce2b698b4a5/elements [39m[32m200[39m [90m86 ms - 139[39m
[38;5;0m[HTTP][0m [90m[39m
[38;5;0m[HTTP][0m [37m-->[39m [37mGET[39m [37m/wd/hub/session/140e4dc1-a48f-4113-84a5-5ce2b698b4a5/element/00000000-0000-096b-0000-006d00000003/location[39m
[38;5;0m[HTTP][0m [90m{}[39m
[38;5;48m[AndroidUiautomator2Driver@9fd2 (140e4dc1)][0m Driver proxy active, passing request on via HTTP proxy
[38;5;48m[AndroidUiautomator2Driver@9fd2 (140e4dc1)][0m Replacing sessionId 8748b360-3fef-4214-9d43-c5a93dc6911f with 140e4dc1-a48f-4113-84a5-5ce2b698b4a5
[38;5;0m[HTTP][0m [37m<-- GET /wd/hub/session/140e4dc1-a48f-4113-84a5-5ce2b698b4a5/element/00000000-0000-096b-0000-006d00000003/location [39m[32m200[39m [90m69 ms - 78[39m
[38;5;0m[HTTP][0m [90m[39m
[38;5;0m[HTTP][0m [37m-->[39m [37mPOST[39m [37m/wd/hub/session/140e4dc1-a48f-4113-84a5-5ce2b698b4a5/timeouts[39m
[38;5;0m[HTTP][0m [90m{"implicit":30000}[39m
[38;5;0m[HTTP][0m [37m<-- POST /wd/hub/session/140e4dc1-a48f-4113-84a5-5ce2b698b4a5/timeouts [39m[32m200[39m [90m2 ms - 14[39m
[38;5;0m[HTTP][0m [90m[39m
[38;5;0m[HTTP][0m [37m-->[39m [37mPOST[39m [37m/wd/hub/session/140e4dc1-a48f-4113-84a5-5ce2b698b4a5/element/00000000-0000-096b-0000-006d00000003/click[39m
[38;5;0m[HTTP][0m [90m{"id":"00000000-0000-096b-0000-006d00000003"}[39m
[38;5;0m[HTTP][0m [37m<-- POST /wd/hub/session/140e4dc1-a48f-4113-84a5-5ce2b698b4a5/element/00000000-0000-096b-0000-006d00000003/click [39m[32m200[39m [90m92 ms - 14[39m
[38;5;0m[HTTP][0m [90m[39m
[38;5;0m[HTTP][0m [37m-->[39m [37mGET[39m [37m/wd/hub/session/140e4dc1-a48f-4113-84a5-5ce2b698b4a5/context[39m
[38;5;0m[HTTP][0m [90m{}[39m
[38;5;0m[HTTP][0m [37m<-- GET /wd/hub/session/140e4dc1-a48f-4113-84a5-5ce2b698b4a5/context [39m[32m200[39m [90m1 ms - 22[39m
[38;5;0m[HTTP][0m [90m[39m
[38;5;0m[HTTP][0m [37m-->[39m [37mGET[39m [37m/wd/hub/session/140e4dc1-a48f-4113-84a5-5ce2b698b4a5/contexts[39m
[38;5;0m[HTTP][0m [90m{}[39m
[38;5;0m[HTTP][0m [37m<-- GET /wd/hub/session/140e4dc1-a48f-4113-84a5-5ce2b698b4a5/contexts [39m[32m200[39m [90m98 ms - 24[39m
[38;5;0m[HTTP][0m [90m[39m
[38;5;0m[HTTP][0m [37m-->[39m [37mPOST[39m [37m/wd/hub/session/140e4dc1-a48f-4113-84a5-5ce2b698b4a5/context[39m
[38;5;0m[HTTP][0m [90m{"name":"NATIVE_APP"}[39m
[38;5;0m[HTTP][0m [37m<-- POST /wd/hub/session/140e4dc1-a48f-4113-84a5-5ce2b698b4a5/context [39m[32m200[39m [90m2 ms - 14[39m
[38;5;0m[HTTP][0m [90m[39m
[38;5;0m[HTTP][0m [37m-->[39m [37mGET[39m [37m/wd/hub/session/140e4dc1-a48f-4113-84a5-5ce2b698b4a5/screenshot[39m
[38;5;0m[HTTP][0m [90m{}[39m
[38;5;0m[HTTP][0m [37m<-- GET /wd/hub/session/140e4dc1-a48f-4113-84a5-5ce2b698b4a5/screenshot [39m[32m200[39m [90m1409 ms - 246884[39m
[38;5;0m[HTTP][0m [90m[39m
[38;5;0m[HTTP][0m [37m-->[39m [37mPOST[39m [37m/wd/hub/session/140e4dc1-a48f-4113-84a5-5ce2b698b4a5/context[39m
[38;5;0m[HTTP][0m [90m{"name":"NATIVE_APP"}[39m
[38;5;0m[HTTP][0m [37m<-- POST /wd/hub/session/140e4dc1-a48f-4113-84a5-5ce2b698b4a5/context [39m[32m200[39m [90m2 ms - 14[39m
[38;5;0m[HTTP][0m [90m[39m
[38;5;0m[HTTP][0m [37m-->[39m [37mPOST[39m [37m/wd/hub/session/140e4dc1-a48f-4113-84a5-5ce2b698b4a5/timeouts[39m
[38;5;0m[HTTP][0m [90m{"implicit":50}[39m
[38;5;0m[HTTP][0m [37m<-- POST /wd/hub/session/140e4dc1-a48f-4113-84a5-5ce2b698b4a5/timeouts [39m[32m200[39m [90m1 ms - 14[39m
[38;5;0m[HTTP][0m [90m[39m
[38;5;0m[HTTP][0m [37m-->[39m [37mGET[39m [37m/wd/hub/session/140e4dc1-a48f-4113-84a5-5ce2b698b4a5/window/rect[39m
[38;5;0m[HTTP][0m [90m{}[39m
[38;5;0m[HTTP][0m [37m<-- GET /wd/hub/session/140e4dc1-a48f-4113-84a5-5ce2b698b4a5/window/rect [39m[32m200[39m [90m24 ms - 50[39m
[38;5;0m[HTTP][0m [90m[39m
[38;5;0m[HTTP][0m [37m-->[39m [37mPOST[39m [37m/wd/hub/session/140e4dc1-a48f-4113-84a5-5ce2b698b4a5/elements[39m
[38;5;0m[HTTP][0m [90m{"using":"xpath","value":"//hierarchy/android.widget.FrameLayout[1]/android.widget.LinearLayout[1]/android.widget.FrameLayout[1]/android.widget.FrameLayout[1]/android.view.View[1]/android.view.View[1]/android.view.View[1]/android.view.View[1]/android.view.View[1]/android.widget.EditText[1]"}[39m
[38;5;0m[HTTP][0m [37m<-- POST /wd/hub/session/140e4dc1-a48f-4113-84a5-5ce2b698b4a5/elements [39m[32m200[39m [90m150 ms - 139[39m
[38;5;0m[HTTP][0m [90m[39m
[38;5;0m[HTTP][0m [37m-->[39m [37mGET[39m [37m/wd/hub/session/140e4dc1-a48f-4113-84a5-5ce2b698b4a5/element/00000000-0000-096b-0000-007100000003/location[39m
[38;5;0m[HTTP][0m [90m{}[39m
[38;5;48m[AndroidUiautomator2Driver@9fd2 (140e4dc1)][0m Driver proxy active, passing request on via HTTP proxy
[38;5;48m[AndroidUiautomator2Driver@9fd2 (140e4dc1)][0m Replacing sessionId 8748b360-3fef-4214-9d43-c5a93dc6911f with 140e4dc1-a48f-4113-84a5-5ce2b698b4a5
[38;5;0m[HTTP][0m [37m<-- GET /wd/hub/session/140e4dc1-a48f-4113-84a5-5ce2b698b4a5/element/00000000-0000-096b-0000-007100000003/location [39m[32m200[39m [90m40 ms - 78[39m
[38;5;0m[HTTP][0m [90m[39m
[38;5;0m[HTTP][0m [37m-->[39m [37mPOST[39m [37m/wd/hub/session/140e4dc1-a48f-4113-84a5-5ce2b698b4a5/timeouts[39m
[38;5;0m[HTTP][0m [90m{"implicit":30000}[39m
[38;5;0m[HTTP][0m [37m<-- POST /wd/hub/session/140e4dc1-a48f-4113-84a5-5ce2b698b4a5/timeouts [39m[32m200[39m [90m2 ms - 14[39m
[38;5;0m[HTTP][0m [90m[39m
[38;5;0m[HTTP][0m [37m-->[39m [37mPOST[39m [37m/wd/hub/session/140e4dc1-a48f-4113-84a5-5ce2b698b4a5/element/00000000-0000-096b-0000-007100000003/click[39m
[38;5;0m[HTTP][0m [90m{"id":"00000000-0000-096b-0000-007100000003"}[39m
[38;5;0m[HTTP][0m [37m<-- POST /wd/hub/session/140e4dc1-a48f-4113-84a5-5ce2b698b4a5/element/00000000-0000-096b-0000-007100000003/click [39m[32m200[39m [90m98 ms - 14[39m
[38;5;0m[HTTP][0m [90m[39m
[38;5;0m[HTTP][0m [37m-->[39m [37mPOST[39m [37m/wd/hub/session/140e4dc1-a48f-4113-84a5-5ce2b698b4a5/timeouts[39m
[38;5;0m[HTTP][0m [90m{"implicit":50}[39m
[38;5;0m[HTTP][0m [37m<-- POST /wd/hub/session/140e4dc1-a48f-4113-84a5-5ce2b698b4a5/timeouts [39m[32m200[39m [90m2 ms - 14[39m
[38;5;0m[HTTP][0m [90m[39m
[38;5;0m[HTTP][0m [37m-->[39m [37mGET[39m [37m/wd/hub/session/140e4dc1-a48f-4113-84a5-5ce2b698b4a5/window/rect[39m
[38;5;0m[HTTP][0m [90m{}[39m
[38;5;0m[HTTP][0m [37m<-- GET /wd/hub/session/140e4dc1-a48f-4113-84a5-5ce2b698b4a5/window/rect [39m[32m200[39m [90m19 ms - 50[39m
[38;5;0m[HTTP][0m [90m[39m
[38;5;0m[HTTP][0m [37m-->[39m [37mPOST[39m [37m/wd/hub/session/140e4dc1-a48f-4113-84a5-5ce2b698b4a5/elements[39m
[38;5;0m[HTTP][0m [90m{"using":"xpath","value":"//hierarchy/android.widget.FrameLayout[1]/android.widget.LinearLayout[1]/android.widget.FrameLayout[1]/android.widget.FrameLayout[1]/android.view.View[1]/android.view.View[1]/android.view.View[1]/android.view.View[1]/android.view.View[1]/android.widget.EditText[1]"}[39m
[38;5;0m[HTTP][0m [37m<-- POST /wd/hub/session/140e4dc1-a48f-4113-84a5-5ce2b698b4a5/elements [39m[32m200[39m [90m710 ms - 139[39m
[38;5;0m[HTTP][0m [90m[39m
[38;5;0m[HTTP][0m [37m-->[39m [37mGET[39m [37m/wd/hub/session/140e4dc1-a48f-4113-84a5-5ce2b698b4a5/element/00000000-0000-096b-0000-007100000003/location[39m
[38;5;0m[HTTP][0m [90m{}[39m
[38;5;48m[AndroidUiautomator2Driver@9fd2 (140e4dc1)][0m Driver proxy active, passing request on via HTTP proxy
[38;5;48m[AndroidUiautomator2Driver@9fd2 (140e4dc1)][0m Replacing sessionId 8748b360-3fef-4214-9d43-c5a93dc6911f with 140e4dc1-a48f-4113-84a5-5ce2b698b4a5
[38;5;0m[HTTP][0m [37m<-- GET /wd/hub/session/140e4dc1-a48f-4113-84a5-5ce2b698b4a5/element/00000000-0000-096b-0000-007100000003/location [39m[32m200[39m [90m525 ms - 78[39m
[38;5;0m[HTTP][0m [90m[39m
[38;5;0m[HTTP][0m [37m-->[39m [37mPOST[39m [37m/wd/hub/session/140e4dc1-a48f-4113-84a5-5ce2b698b4a5/timeouts[39m
[38;5;0m[HTTP][0m [90m{"implicit":30000}[39m
[38;5;0m[HTTP][0m [37m<-- POST /wd/hub/session/140e4dc1-a48f-4113-84a5-5ce2b698b4a5/timeouts [39m[32m200[39m [90m2 ms - 14[39m
[38;5;0m[HTTP][0m [90m[39m
[38;5;0m[HTTP][0m [37m-->[39m [37mPOST[39m [37m/wd/hub/session/140e4dc1-a48f-4113-84a5-5ce2b698b4a5/element/00000000-0000-096b-0000-007100000003/clear[39m
[38;5;0m[HTTP][0m [90m{"id":"00000000-0000-096b-0000-007100000003"}[39m
[38;5;0m[HTTP][0m [37m<-- POST /wd/hub/session/140e4dc1-a48f-4113-84a5-5ce2b698b4a5/element/00000000-0000-096b-0000-007100000003/clear [39m[32m200[39m [90m72 ms - 14[39m
[38;5;0m[HTTP][0m [90m[39m
[38;5;0m[HTTP][0m [37m-->[39m [37mPOST[39m [37m/wd/hub/session/140e4dc1-a48f-4113-84a5-5ce2b698b4a5/element/00000000-0000-096b-0000-007100000003/click[39m
[38;5;0m[HTTP][0m [90m{"id":"00000000-0000-096b-0000-007100000003"}[39m
[38;5;0m[HTTP][0m [37m<-- POST /wd/hub/session/140e4dc1-a48f-4113-84a5-5ce2b698b4a5/element/00000000-0000-096b-0000-007100000003/click [39m[32m200[39m [90m962 ms - 14[39m
[38;5;0m[HTTP][0m [90m[39m
[38;5;0m[HTTP][0m [37m-->[39m [37mPOST[39m [37m/wd/hub/session/140e4dc1-a48f-4113-84a5-5ce2b698b4a5/element/00000000-0000-096b-0000-007100000003/value[39m
[38;5;0m[HTTP][0m [90m{"id":"00000000-0000-096b-0000-007100000003","text":"Hernandez","value":["H","e","r","n","a","n","d","e","z"]}[39m
[38;5;0m[HTTP][0m [37m<-- POST /wd/hub/session/140e4dc1-a48f-4113-84a5-5ce2b698b4a5/element/00000000-0000-096b-0000-007100000003/value [39m[32m200[39m [90m78 ms - 14[39m
[38;5;0m[HTTP][0m [90m[39m
[38;5;0m[HTTP][0m [37m-->[39m [37mPOST[39m [37m/wd/hub/session/140e4dc1-a48f-4113-84a5-5ce2b698b4a5/timeouts[39m
[38;5;0m[HTTP][0m [90m{"implicit":50}[39m
[38;5;0m[HTTP][0m [37m<-- POST /wd/hub/session/140e4dc1-a48f-4113-84a5-5ce2b698b4a5/timeouts [39m[32m200[39m [90m2 ms - 14[39m
[38;5;0m[HTTP][0m [90m[39m
[38;5;0m[HTTP][0m [37m-->[39m [37mGET[39m [37m/wd/hub/session/140e4dc1-a48f-4113-84a5-5ce2b698b4a5/window/rect[39m
[38;5;0m[HTTP][0m [90m{}[39m
[38;5;0m[HTTP][0m [37m<-- GET /wd/hub/session/140e4dc1-a48f-4113-84a5-5ce2b698b4a5/window/rect [39m[32m200[39m [90m33 ms - 50[39m
[38;5;0m[HTTP][0m [90m[39m
[38;5;0m[HTTP][0m [37m-->[39m [37mPOST[39m [37m/wd/hub/session/140e4dc1-a48f-4113-84a5-5ce2b698b4a5/elements[39m
[38;5;0m[HTTP][0m [90m{"using":"xpath","value":"//hierarchy/android.widget.FrameLayout[1]/android.widget.LinearLayout[1]/android.widget.FrameLayout[1]/android.widget.FrameLayout[1]/android.view.View[1]/android.view.View[1]/android.view.View[1]/android.view.View[1]/android.view.View[1]/android.widget.EditText[2]"}[39m
[38;5;0m[HTTP][0m [37m<-- POST /wd/hub/session/140e4dc1-a48f-4113-84a5-5ce2b698b4a5/elements [39m[32m200[39m [90m96 ms - 139[39m
[38;5;0m[HTTP][0m [90m[39m
[38;5;0m[HTTP][0m [37m-->[39m [37mGET[39m [37m/wd/hub/session/140e4dc1-a48f-4113-84a5-5ce2b698b4a5/element/00000000-0000-096b-0000-007200000003/location[39m
[38;5;0m[HTTP][0m [90m{}[39m
[38;5;48m[AndroidUiautomator2Driver@9fd2 (140e4dc1)][0m Driver proxy active, passing request on via HTTP proxy
[38;5;48m[AndroidUiautomator2Driver@9fd2 (140e4dc1)][0m Replacing sessionId 8748b360-3fef-4214-9d43-c5a93dc6911f with 140e4dc1-a48f-4113-84a5-5ce2b698b4a5
[38;5;0m[HTTP][0m [37m<-- GET /wd/hub/session/140e4dc1-a48f-4113-84a5-5ce2b698b4a5/element/00000000-0000-096b-0000-007200000003/location [39m[32m200[39m [90m869 ms - 78[39m
[38;5;0m[HTTP][0m [90m[39m
[38;5;0m[HTTP][0m [37m-->[39m [37mPOST[39m [37m/wd/hub/session/140e4dc1-a48f-4113-84a5-5ce2b698b4a5/timeouts[39m
[38;5;0m[HTTP][0m [90m{"implicit":30000}[39m
[38;5;0m[HTTP][0m [37m<-- POST /wd/hub/session/140e4dc1-a48f-4113-84a5-5ce2b698b4a5/timeouts [39m[32m200[39m [90m3 ms - 14[39m
[38;5;0m[HTTP][0m [90m[39m
[38;5;0m[HTTP][0m [37m-->[39m [37mPOST[39m [37m/wd/hub/session/140e4dc1-a48f-4113-84a5-5ce2b698b4a5/element/00000000-0000-096b-0000-007200000003/click[39m
[38;5;0m[HTTP][0m [90m{"id":"00000000-0000-096b-0000-007200000003"}[39m
[38;5;0m[HTTP][0m [37m<-- POST /wd/hub/session/140e4dc1-a48f-4113-84a5-5ce2b698b4a5/element/00000000-0000-096b-0000-007200000003/click [39m[32m200[39m [90m72 ms - 14[39m
[38;5;0m[HTTP][0m [90m[39m
[38;5;0m[HTTP][0m [37m-->[39m [37mPOST[39m [37m/wd/hub/session/140e4dc1-a48f-4113-84a5-5ce2b698b4a5/timeouts[39m
[38;5;0m[HTTP][0m [90m{"implicit":50}[39m
[38;5;0m[HTTP][0m [37m<-- POST /wd/hub/session/140e4dc1-a48f-4113-84a5-5ce2b698b4a5/timeouts [39m[32m200[39m [90m2 ms - 14[39m
[38;5;0m[HTTP][0m [90m[39m
[38;5;0m[HTTP][0m [37m-->[39m [37mGET[39m [37m/wd/hub/session/140e4dc1-a48f-4113-84a5-5ce2b698b4a5/window/rect[39m
[38;5;0m[HTTP][0m [90m{}[39m
[38;5;0m[HTTP][0m [37m<-- GET /wd/hub/session/140e4dc1-a48f-4113-84a5-5ce2b698b4a5/window/rect [39m[32m200[39m [90m34 ms - 50[39m
[38;5;0m[HTTP][0m [90m[39m
[38;5;0m[HTTP][0m [37m-->[39m [37mPOST[39m [37m/wd/hub/session/140e4dc1-a48f-4113-84a5-5ce2b698b4a5/elements[39m
[38;5;0m[HTTP][0m [90m{"using":"xpath","value":"//hierarchy/android.widget.FrameLayout[1]/android.widget.LinearLayout[1]/android.widget.FrameLayout[1]/android.widget.FrameLayout[1]/android.view.View[1]/android.view.View[1]/android.view.View[1]/android.view.View[1]/android.view.View[1]/android.widget.EditText[2]"}[39m
[38;5;0m[HTTP][0m [37m<-- POST /wd/hub/session/140e4dc1-a48f-4113-84a5-5ce2b698b4a5/elements [39m[32m200[39m [90m754 ms - 139[39m
[38;5;0m[HTTP][0m [90m[39m
[38;5;0m[HTTP][0m [37m-->[39m [37mGET[39m [37m/wd/hub/session/140e4dc1-a48f-4113-84a5-5ce2b698b4a5/element/00000000-0000-096b-0000-007200000003/location[39m
[38;5;0m[HTTP][0m [90m{}[39m
[38;5;48m[AndroidUiautomator2Driver@9fd2 (140e4dc1)][0m Driver proxy active, passing request on via HTTP proxy
[38;5;48m[AndroidUiautomator2Driver@9fd2 (140e4dc1)][0m Replacing sessionId 8748b360-3fef-4214-9d43-c5a93dc6911f with 140e4dc1-a48f-4113-84a5-5ce2b698b4a5
[38;5;0m[HTTP][0m [37m<-- GET /wd/hub/session/140e4dc1-a48f-4113-84a5-5ce2b698b4a5/element/00000000-0000-096b-0000-007200000003/location [39m[32m200[39m [90m47 ms - 78[39m
[38;5;0m[HTTP][0m [90m[39m
[38;5;0m[HTTP][0m [37m-->[39m [37mPOST[39m [37m/wd/hub/session/140e4dc1-a48f-4113-84a5-5ce2b698b4a5/timeouts[39m
[38;5;0m[HTTP][0m [90m{"implicit":30000}[39m
[38;5;0m[HTTP][0m [37m<-- POST /wd/hub/session/140e4dc1-a48f-4113-84a5-5ce2b698b4a5/timeouts [39m[32m200[39m [90m2 ms - 14[39m
[38;5;0m[HTTP][0m [90m[39m
[38;5;0m[HTTP][0m [37m-->[39m [37mPOST[39m [37m/wd/hub/session/140e4dc1-a48f-4113-84a5-5ce2b698b4a5/element/00000000-0000-096b-0000-007200000003/clear[39m
[38;5;0m[HTTP][0m [90m{"id":"00000000-0000-096b-0000-007200000003"}[39m
[38;5;0m[HTTP][0m [37m<-- POST /wd/hub/session/140e4dc1-a48f-4113-84a5-5ce2b698b4a5/element/00000000-0000-096b-0000-007200000003/clear [39m[32m200[39m [90m51 ms - 14[39m
[38;5;0m[HTTP][0m [90m[39m
[38;5;0m[HTTP][0m [37m-->[39m [37mPOST[39m [37m/wd/hub/session/140e4dc1-a48f-4113-84a5-5ce2b698b4a5/element/00000000-0000-096b-0000-007200000003/click[39m
[38;5;0m[HTTP][0m [90m{"id":"00000000-0000-096b-0000-007200000003"}[39m
[38;5;0m[HTTP][0m [37m<-- POST /wd/hub/session/140e4dc1-a48f-4113-84a5-5ce2b698b4a5/element/00000000-0000-096b-0000-007200000003/click [39m[32m200[39m [90m94 ms - 14[39m
[38;5;0m[HTTP][0m [90m[39m
[38;5;0m[HTTP][0m [37m-->[39m [37mPOST[39m [37m/wd/hub/session/140e4dc1-a48f-4113-84a5-5ce2b698b4a5/element/00000000-0000-096b-0000-007200000003/value[39m
[38;5;0m[HTTP][0m [90m{"id":"00000000-0000-096b-0000-007200000003","text":"HNZ","value":["H","N","Z"]}[39m
[38;5;0m[HTTP][0m [37m<-- POST /wd/hub/session/140e4dc1-a48f-4113-84a5-5ce2b698b4a5/element/00000000-0000-096b-0000-007200000003/value [39m[32m200[39m [90m55 ms - 14[39m
[38;5;0m[HTTP][0m [90m[39m
[38;5;0m[HTTP][0m [37m-->[39m [37mPOST[39m [37m/wd/hub/session/140e4dc1-a48f-4113-84a5-5ce2b698b4a5/timeouts[39m
[38;5;0m[HTTP][0m [90m{"implicit":50}[39m
[38;5;0m[HTTP][0m [37m<-- POST /wd/hub/session/140e4dc1-a48f-4113-84a5-5ce2b698b4a5/timeouts [39m[32m200[39m [90m2 ms - 14[39m
[38;5;0m[HTTP][0m [90m[39m
[38;5;0m[HTTP][0m [37m-->[39m [37mGET[39m [37m/wd/hub/session/140e4dc1-a48f-4113-84a5-5ce2b698b4a5/window/rect[39m
[38;5;0m[HTTP][0m [90m{}[39m
[38;5;0m[HTTP][0m [37m<-- GET /wd/hub/session/140e4dc1-a48f-4113-84a5-5ce2b698b4a5/window/rect [39m[32m200[39m [90m22 ms - 50[39m
[38;5;0m[HTTP][0m [90m[39m
[38;5;0m[HTTP][0m [37m-->[39m [37mPOST[39m [37m/wd/hub/session/140e4dc1-a48f-4113-84a5-5ce2b698b4a5/elements[39m
[38;5;0m[HTTP][0m [90m{"using":"xpath","value":"//hierarchy/android.widget.FrameLayout[1]/android.widget.LinearLayout[1]/android.widget.FrameLayout[1]/android.widget.FrameLayout[1]/android.view.View[1]/android.view.View[1]/android.view.View[1]/android.view.View[1]/android.view.View[1]/android.widget.ImageView[1]"}[39m
[38;5;0m[HTTP][0m [37m<-- POST /wd/hub/session/140e4dc1-a48f-4113-84a5-5ce2b698b4a5/elements [39m[32m200[39m [90m97 ms - 139[39m
[38;5;0m[HTTP][0m [90m[39m
[38;5;0m[HTTP][0m [37m-->[39m [37mGET[39m [37m/wd/hub/session/140e4dc1-a48f-4113-84a5-5ce2b698b4a5/element/00000000-0000-096b-0000-007500000003/location[39m
[38;5;0m[HTTP][0m [90m{}[39m
[38;5;48m[AndroidUiautomator2Driver@9fd2 (140e4dc1)][0m Driver proxy active, passing request on via HTTP proxy
[38;5;48m[AndroidUiautomator2Driver@9fd2 (140e4dc1)][0m Replacing sessionId 8748b360-3fef-4214-9d43-c5a93dc6911f with 140e4dc1-a48f-4113-84a5-5ce2b698b4a5
[38;5;0m[HTTP][0m [37m<-- GET /wd/hub/session/140e4dc1-a48f-4113-84a5-5ce2b698b4a5/element/00000000-0000-096b-0000-007500000003/location [39m[32m200[39m [90m463 ms - 78[39m
[38;5;0m[HTTP][0m [90m[39m
[38;5;0m[HTTP][0m [37m-->[39m [37mPOST[39m [37m/wd/hub/session/140e4dc1-a48f-4113-84a5-5ce2b698b4a5/timeouts[39m
[38;5;0m[HTTP][0m [90m{"implicit":30000}[39m
[38;5;0m[HTTP][0m [37m<-- POST /wd/hub/session/140e4dc1-a48f-4113-84a5-5ce2b698b4a5/timeouts [39m[32m200[39m [90m4 ms - 14[39m
[38;5;0m[HTTP][0m [90m[39m
[38;5;0m[HTTP][0m [37m-->[39m [37mPOST[39m [37m/wd/hub/session/140e4dc1-a48f-4113-84a5-5ce2b698b4a5/element/00000000-0000-096b-0000-007500000003/click[39m
[38;5;0m[HTTP][0m [90m{"id":"00000000-0000-096b-0000-007500000003"}[39m
[38;5;0m[HTTP][0m [37m<-- POST /wd/hub/session/140e4dc1-a48f-4113-84a5-5ce2b698b4a5/element/00000000-0000-096b-0000-007500000003/click [39m[32m200[39m [90m78 ms - 14[39m
[38;5;0m[HTTP][0m [90m[39m
[38;5;0m[HTTP][0m [37m-->[39m [37mPOST[39m [37m/wd/hub/session/140e4dc1-a48f-4113-84a5-5ce2b698b4a5/timeouts[39m
[38;5;0m[HTTP][0m [90m{"implicit":50}[39m
[38;5;0m[HTTP][0m [37m<-- POST /wd/hub/session/140e4dc1-a48f-4113-84a5-5ce2b698b4a5/timeouts [39m[32m200[39m [90m2 ms - 14[39m
[38;5;0m[HTTP][0m [90m[39m
[38;5;0m[HTTP][0m [37m-->[39m [37mGET[39m [37m/wd/hub/session/140e4dc1-a48f-4113-84a5-5ce2b698b4a5/window/rect[39m
[38;5;0m[HTTP][0m [90m{}[39m
[38;5;0m[HTTP][0m [37m<-- GET /wd/hub/session/140e4dc1-a48f-4113-84a5-5ce2b698b4a5/window/rect [39m[32m200[39m [90m18 ms - 50[39m
[38;5;0m[HTTP][0m [90m[39m
[38;5;0m[HTTP][0m [37m-->[39m [37mPOST[39m [37m/wd/hub/session/140e4dc1-a48f-4113-84a5-5ce2b698b4a5/elements[39m
[38;5;0m[HTTP][0m [90m{"using":"accessibility id","value":"Commercial"}[39m
[38;5;0m[HTTP][0m [37m<-- POST /wd/hub/session/140e4dc1-a48f-4113-84a5-5ce2b698b4a5/elements [39m[32m200[39m [90m1292 ms - 139[39m
[38;5;0m[HTTP][0m [90m[39m
[38;5;0m[HTTP][0m [37m-->[39m [37mGET[39m [37m/wd/hub/session/140e4dc1-a48f-4113-84a5-5ce2b698b4a5/element/00000000-0000-096b-0000-007a00000003/location[39m
[38;5;0m[HTTP][0m [90m{}[39m
[38;5;48m[AndroidUiautomator2Driver@9fd2 (140e4dc1)][0m Driver proxy active, passing request on via HTTP proxy
[38;5;48m[AndroidUiautomator2Driver@9fd2 (140e4dc1)][0m Replacing sessionId 8748b360-3fef-4214-9d43-c5a93dc6911f with 140e4dc1-a48f-4113-84a5-5ce2b698b4a5
[38;5;0m[HTTP][0m [37m<-- GET /wd/hub/session/140e4dc1-a48f-4113-84a5-5ce2b698b4a5/element/00000000-0000-096b-0000-007a00000003/location [39m[32m200[39m [90m57 ms - 78[39m
[38;5;0m[HTTP][0m [90m[39m
[38;5;0m[HTTP][0m [37m-->[39m [37mPOST[39m [37m/wd/hub/session/140e4dc1-a48f-4113-84a5-5ce2b698b4a5/timeouts[39m
[38;5;0m[HTTP][0m [90m{"implicit":30000}[39m
[38;5;0m[HTTP][0m [37m<-- POST /wd/hub/session/140e4dc1-a48f-4113-84a5-5ce2b698b4a5/timeouts [39m[32m200[39m [90m2 ms - 14[39m
[38;5;0m[HTTP][0m [90m[39m
[38;5;0m[HTTP][0m [37m-->[39m [37mPOST[39m [37m/wd/hub/session/140e4dc1-a48f-4113-84a5-5ce2b698b4a5/element/00000000-0000-096b-0000-007a00000003/click[39m
[38;5;0m[HTTP][0m [90m{"id":"00000000-0000-096b-0000-007a00000003"}[39m
[38;5;0m[HTTP][0m [37m<-- POST /wd/hub/session/140e4dc1-a48f-4113-84a5-5ce2b698b4a5/element/00000000-0000-096b-0000-007a00000003/click [39m[32m200[39m [90m80 ms - 14[39m
[38;5;0m[HTTP][0m [90m[39m
[38;5;48m[AndroidUiautomator2Driver@9fd2 (140e4dc1)][0m Shutting down because we waited 1800 seconds for a command
[38;5;16m[AppiumDriver@bbee][0m Ending session, cause was 'New Command Timeout of 1800 seconds expired. Try customizing the timeout using the 'newCommandTimeout' desired capability'
[38;5;16m[AppiumDriver@bbee][0m Removing session '140e4dc1-a48f-4113-84a5-5ce2b698b4a5' from our master session list
[38;5;48m[AndroidUiautomator2Driver@9fd2 (140e4dc1)][0m Did not get confirmation UiAutomator2 deleteSession worked; Error was: UnknownError: An unknown server-side error occurred while processing the command. Original error: 'DELETE /' cannot be proxied to UiAutomator2 server because the instrumentation process is not running (probably crashed). Check the server log and/or the logcat output for more details
[38;5;64m[ADB][0m id.indocyber.kaf.mma was not uninstalled, because it was not present on the device
[38;5;48m[AndroidUiautomator2Driver@9fd2 (140e4dc1)][0m Restoring hidden api policy to the device default configuration
